[I 2024-11-05 15:15:07,995] Trial 39 finished with value: 0.6467854380607605 and parameters: {'num_filters1': 64, 'num_filters2': 32, 'dense_units1': 128, 'dense_units2': 64, 'learning_rate': 0.00015018283982251931, 'batch_size': 64}. Best is trial 24 with value: 0.6723470091819763.
/home/CIN/mpps/paulaperazzo/priv-anon/src/training/optimizer.py:35: FutureWarning: suggest_loguniform has been deprecated in v3.0.0. This feature will be removed in v6.0.0. See https://github.com/optuna/optuna/releases/tag/v3.0.0. Use suggest_float(..., log=True) instead.
  learning_rate = trial.suggest_loguniform("learning_rate", 1e-4, 1e-2)
/home/CIN/mpps/paulaperazzo/priv-anon/env/lib/python3.10/site-packages/keras/src/models/functional.py:225: UserWarning: The structure of `inputs` doesn't match the expected structure: ['keras_tensor_1600', 'keras_tensor_1606', 'keras_tensor_1612', 'keras_tensor_1618', 'keras_tensor_1624', 'keras_tensor_1630']. Received: the structure of inputs=('*', '*', '*', '*', '*', '*')
  warnings.warn(
[I 2024-11-05 15:15:43,200] Trial 40 finished with value: 0.6800929307937622 and parameters: {'num_filters1': 64, 'num_filters2': 32, 'dense_units1': 64, 'dense_units2': 64, 'learning_rate': 0.00016423926945366158, 'batch_size': 64}. Best is trial 40 with value: 0.6800929307937622.
/home/CIN/mpps/paulaperazzo/priv-anon/src/training/optimizer.py:35: FutureWarning: suggest_loguniform has been deprecated in v3.0.0. This feature will be removed in v6.0.0. See https://github.com/optuna/optuna/releases/tag/v3.0.0. Use suggest_float(..., log=True) instead.
  learning_rate = trial.suggest_loguniform("learning_rate", 1e-4, 1e-2)
/home/CIN/mpps/paulaperazzo/priv-anon/env/lib/python3.10/site-packages/keras/src/models/functional.py:225: UserWarning: The structure of `inputs` doesn't match the expected structure: ['keras_tensor_1640', 'keras_tensor_1646', 'keras_tensor_1652', 'keras_tensor_1658', 'keras_tensor_1664', 'keras_tensor_1670']. Received: the structure of inputs=('*', '*', '*', '*', '*', '*')
  warnings.warn(
[I 2024-11-05 15:16:18,522] Trial 41 finished with value: 0.6429124474525452 and parameters: {'num_filters1': 64, 'num_filters2': 32, 'dense_units1': 64, 'dense_units2': 64, 'learning_rate': 0.00014535086061648173, 'batch_size': 64}. Best is trial 40 with value: 0.6800929307937622.
/home/CIN/mpps/paulaperazzo/priv-anon/src/training/optimizer.py:35: FutureWarning: suggest_loguniform has been deprecated in v3.0.0. This feature will be removed in v6.0.0. See https://github.com/optuna/optuna/releases/tag/v3.0.0. Use suggest_float(..., log=True) instead.
  learning_rate = trial.suggest_loguniform("learning_rate", 1e-4, 1e-2)
/home/CIN/mpps/paulaperazzo/priv-anon/env/lib/python3.10/site-packages/keras/src/models/functional.py:225: UserWarning: The structure of `inputs` doesn't match the expected structure: ['keras_tensor_1680', 'keras_tensor_1686', 'keras_tensor_1692', 'keras_tensor_1698', 'keras_tensor_1704', 'keras_tensor_1710']. Received: the structure of inputs=('*', '*', '*', '*', '*', '*')
  warnings.warn(
[I 2024-11-05 15:16:52,138] Trial 42 finished with value: 0.6855151057243347 and parameters: {'num_filters1': 64, 'num_filters2': 32, 'dense_units1': 64, 'dense_units2': 64, 'learning_rate': 0.00016223247555310547, 'batch_size': 64}. Best is trial 42 with value: 0.6855151057243347.
/home/CIN/mpps/paulaperazzo/priv-anon/src/training/optimizer.py:35: FutureWarning: suggest_loguniform has been deprecated in v3.0.0. This feature will be removed in v6.0.0. See https://github.com/optuna/optuna/releases/tag/v3.0.0. Use suggest_float(..., log=True) instead.
  learning_rate = trial.suggest_loguniform("learning_rate", 1e-4, 1e-2)
/home/CIN/mpps/paulaperazzo/priv-anon/env/lib/python3.10/site-packages/keras/src/models/functional.py:225: UserWarning: The structure of `inputs` doesn't match the expected structure: ['keras_tensor_1720', 'keras_tensor_1726', 'keras_tensor_1732', 'keras_tensor_1738', 'keras_tensor_1744', 'keras_tensor_1750']. Received: the structure of inputs=('*', '*', '*', '*', '*', '*')
  warnings.warn(
[I 2024-11-05 15:17:22,836] Trial 43 finished with value: 0.651432991027832 and parameters: {'num_filters1': 64, 'num_filters2': 32, 'dense_units1': 64, 'dense_units2': 64, 'learning_rate': 0.0002313308816658515, 'batch_size': 64}. Best is trial 42 with value: 0.6855151057243347.
/home/CIN/mpps/paulaperazzo/priv-anon/src/training/optimizer.py:35: FutureWarning: suggest_loguniform has been deprecated in v3.0.0. This feature will be removed in v6.0.0. See https://github.com/optuna/optuna/releases/tag/v3.0.0. Use suggest_float(..., log=True) instead.
  learning_rate = trial.suggest_loguniform("learning_rate", 1e-4, 1e-2)
/home/CIN/mpps/paulaperazzo/priv-anon/env/lib/python3.10/site-packages/keras/src/models/functional.py:225: UserWarning: The structure of `inputs` doesn't match the expected structure: ['keras_tensor_1760', 'keras_tensor_1766', 'keras_tensor_1772', 'keras_tensor_1778', 'keras_tensor_1784', 'keras_tensor_1790']. Received: the structure of inputs=('*', '*', '*', '*', '*', '*')
  warnings.warn(
[I 2024-11-05 15:18:06,737] Trial 44 finished with value: 0.439969003200531 and parameters: {'num_filters1': 64, 'num_filters2': 32, 'dense_units1': 64, 'dense_units2': 32, 'learning_rate': 0.009563403957664307, 'batch_size': 64}. Best is trial 42 with value: 0.6855151057243347.
/home/CIN/mpps/paulaperazzo/priv-anon/src/training/optimizer.py:35: FutureWarning: suggest_loguniform has been deprecated in v3.0.0. This feature will be removed in v6.0.0. See https://github.com/optuna/optuna/releases/tag/v3.0.0. Use suggest_float(..., log=True) instead.
  learning_rate = trial.suggest_loguniform("learning_rate", 1e-4, 1e-2)
/home/CIN/mpps/paulaperazzo/priv-anon/env/lib/python3.10/site-packages/keras/src/models/functional.py:225: UserWarning: The structure of `inputs` doesn't match the expected structure: ['keras_tensor_1800', 'keras_tensor_1806', 'keras_tensor_1812', 'keras_tensor_1818', 'keras_tensor_1824', 'keras_tensor_1830']. Received: the structure of inputs=('*', '*', '*', '*', '*', '*')
  warnings.warn(
[I 2024-11-05 15:18:37,164] Trial 45 finished with value: 0.5755228400230408 and parameters: {'num_filters1': 64, 'num_filters2': 32, 'dense_units1': 64, 'dense_units2': 64, 'learning_rate': 0.00028835050753541424, 'batch_size': 64}. Best is trial 42 with value: 0.6855151057243347.
/home/CIN/mpps/paulaperazzo/priv-anon/src/training/optimizer.py:35: FutureWarning: suggest_loguniform has been deprecated in v3.0.0. This feature will be removed in v6.0.0. See https://github.com/optuna/optuna/releases/tag/v3.0.0. Use suggest_float(..., log=True) instead.
  learning_rate = trial.suggest_loguniform("learning_rate", 1e-4, 1e-2)
/home/CIN/mpps/paulaperazzo/priv-anon/env/lib/python3.10/site-packages/keras/src/models/functional.py:225: UserWarning: The structure of `inputs` doesn't match the expected structure: ['keras_tensor_1840', 'keras_tensor_1846', 'keras_tensor_1852', 'keras_tensor_1858', 'keras_tensor_1864', 'keras_tensor_1870']. Received: the structure of inputs=('*', '*', '*', '*', '*', '*')
  warnings.warn(
[I 2024-11-05 15:19:19,579] Trial 46 finished with value: 0.6955848336219788 and parameters: {'num_filters1': 64, 'num_filters2': 32, 'dense_units1': 64, 'dense_units2': 64, 'learning_rate': 0.00011782571150321188, 'batch_size': 64}. Best is trial 46 with value: 0.6955848336219788.
/home/CIN/mpps/paulaperazzo/priv-anon/src/training/optimizer.py:35: FutureWarning: suggest_loguniform has been deprecated in v3.0.0. This feature will be removed in v6.0.0. See https://github.com/optuna/optuna/releases/tag/v3.0.0. Use suggest_float(..., log=True) instead.
  learning_rate = trial.suggest_loguniform("learning_rate", 1e-4, 1e-2)
/home/CIN/mpps/paulaperazzo/priv-anon/env/lib/python3.10/site-packages/keras/src/models/functional.py:225: UserWarning: The structure of `inputs` doesn't match the expected structure: ['keras_tensor_1880', 'keras_tensor_1886', 'keras_tensor_1892', 'keras_tensor_1898', 'keras_tensor_1904', 'keras_tensor_1910']. Received: the structure of inputs=('*', '*', '*', '*', '*', '*')
  warnings.warn(
[I 2024-11-05 15:20:02,486] Trial 47 finished with value: 0.6762199997901917 and parameters: {'num_filters1': 64, 'num_filters2': 32, 'dense_units1': 64, 'dense_units2': 64, 'learning_rate': 0.0001202802949285507, 'batch_size': 64}. Best is trial 46 with value: 0.6955848336219788.
/home/CIN/mpps/paulaperazzo/priv-anon/src/training/optimizer.py:35: FutureWarning: suggest_loguniform has been deprecated in v3.0.0. This feature will be removed in v6.0.0. See https://github.com/optuna/optuna/releases/tag/v3.0.0. Use suggest_float(..., log=True) instead.
  learning_rate = trial.suggest_loguniform("learning_rate", 1e-4, 1e-2)
/home/CIN/mpps/paulaperazzo/priv-anon/env/lib/python3.10/site-packages/keras/src/models/functional.py:225: UserWarning: The structure of `inputs` doesn't match the expected structure: ['keras_tensor_1920', 'keras_tensor_1926', 'keras_tensor_1932', 'keras_tensor_1938', 'keras_tensor_1944', 'keras_tensor_1950']. Received: the structure of inputs=('*', '*', '*', '*', '*', '*')
  warnings.warn(
[I 2024-11-05 15:20:31,470] Trial 48 finished with value: 0.6452362537384033 and parameters: {'num_filters1': 64, 'num_filters2': 32, 'dense_units1': 64, 'dense_units2': 32, 'learning_rate': 0.00012279176615379635, 'batch_size': 64}. Best is trial 46 with value: 0.6955848336219788.
/home/CIN/mpps/paulaperazzo/priv-anon/src/training/optimizer.py:35: FutureWarning: suggest_loguniform has been deprecated in v3.0.0. This feature will be removed in v6.0.0. See https://github.com/optuna/optuna/releases/tag/v3.0.0. Use suggest_float(..., log=True) instead.
  learning_rate = trial.suggest_loguniform("learning_rate", 1e-4, 1e-2)
/home/CIN/mpps/paulaperazzo/priv-anon/env/lib/python3.10/site-packages/keras/src/models/functional.py:225: UserWarning: The structure of `inputs` doesn't match the expected structure: ['keras_tensor_1960', 'keras_tensor_1966', 'keras_tensor_1972', 'keras_tensor_1978', 'keras_tensor_1984', 'keras_tensor_1990']. Received: the structure of inputs=('*', '*', '*', '*', '*', '*')
  warnings.warn(
[I 2024-11-05 15:21:06,182] Trial 49 finished with value: 0.6599535346031189 and parameters: {'num_filters1': 64, 'num_filters2': 32, 'dense_units1': 64, 'dense_units2': 64, 'learning_rate': 0.0001219920192701248, 'batch_size': 64}. Best is trial 46 with value: 0.6955848336219788.
