[I 2024-11-01 17:35:42,944] Trial 39 finished with value: 0.6599535346031189 and parameters: {'num_filters1': 16, 'num_filters2': 64, 'dense_units1': 128, 'dense_units2': 32, 'learning_rate': 0.005722632149454289, 'batch_size': 64}. Best is trial 33 with value: 0.6808675527572632.
/home/CIN/mpps/paulaperazzo/priv-anon/src/training/optimizer.py:35: FutureWarning: suggest_loguniform has been deprecated in v3.0.0. This feature will be removed in v6.0.0. See https://github.com/optuna/optuna/releases/tag/v3.0.0. Use suggest_float(..., log=True) instead.
  learning_rate = trial.suggest_loguniform("learning_rate", 1e-4, 1e-2)
/home/CIN/mpps/paulaperazzo/priv-anon/env/lib/python3.10/site-packages/keras/src/models/functional.py:225: UserWarning: The structure of `inputs` doesn't match the expected structure: ['keras_tensor_1600', 'keras_tensor_1606', 'keras_tensor_1612', 'keras_tensor_1618', 'keras_tensor_1624', 'keras_tensor_1630']. Received: the structure of inputs=('*', '*', '*', '*', '*', '*')
  warnings.warn(
[I 2024-11-01 17:36:26,792] Trial 40 finished with value: 0.6436870694160461 and parameters: {'num_filters1': 48, 'num_filters2': 96, 'dense_units1': 192, 'dense_units2': 128, 'learning_rate': 0.00029415207750777055, 'batch_size': 32}. Best is trial 33 with value: 0.6808675527572632.
/home/CIN/mpps/paulaperazzo/priv-anon/src/training/optimizer.py:35: FutureWarning: suggest_loguniform has been deprecated in v3.0.0. This feature will be removed in v6.0.0. See https://github.com/optuna/optuna/releases/tag/v3.0.0. Use suggest_float(..., log=True) instead.
  learning_rate = trial.suggest_loguniform("learning_rate", 1e-4, 1e-2)
/home/CIN/mpps/paulaperazzo/priv-anon/env/lib/python3.10/site-packages/keras/src/models/functional.py:225: UserWarning: The structure of `inputs` doesn't match the expected structure: ['keras_tensor_1640', 'keras_tensor_1646', 'keras_tensor_1652', 'keras_tensor_1658', 'keras_tensor_1664', 'keras_tensor_1670']. Received: the structure of inputs=('*', '*', '*', '*', '*', '*')
  warnings.warn(
[I 2024-11-01 17:36:51,038] Trial 41 finished with value: 0.6343919634819031 and parameters: {'num_filters1': 16, 'num_filters2': 96, 'dense_units1': 64, 'dense_units2': 96, 'learning_rate': 0.0001227905284551021, 'batch_size': 32}. Best is trial 33 with value: 0.6808675527572632.
/home/CIN/mpps/paulaperazzo/priv-anon/src/training/optimizer.py:35: FutureWarning: suggest_loguniform has been deprecated in v3.0.0. This feature will be removed in v6.0.0. See https://github.com/optuna/optuna/releases/tag/v3.0.0. Use suggest_float(..., log=True) instead.
  learning_rate = trial.suggest_loguniform("learning_rate", 1e-4, 1e-2)
/home/CIN/mpps/paulaperazzo/priv-anon/env/lib/python3.10/site-packages/keras/src/models/functional.py:225: UserWarning: The structure of `inputs` doesn't match the expected structure: ['keras_tensor_1680', 'keras_tensor_1686', 'keras_tensor_1692', 'keras_tensor_1698', 'keras_tensor_1704', 'keras_tensor_1710']. Received: the structure of inputs=('*', '*', '*', '*', '*', '*')
  warnings.warn(
[I 2024-11-01 17:37:16,156] Trial 42 finished with value: 0.6491092443466187 and parameters: {'num_filters1': 16, 'num_filters2': 96, 'dense_units1': 64, 'dense_units2': 96, 'learning_rate': 0.00018676187126722267, 'batch_size': 32}. Best is trial 33 with value: 0.6808675527572632.
/home/CIN/mpps/paulaperazzo/priv-anon/src/training/optimizer.py:35: FutureWarning: suggest_loguniform has been deprecated in v3.0.0. This feature will be removed in v6.0.0. See https://github.com/optuna/optuna/releases/tag/v3.0.0. Use suggest_float(..., log=True) instead.
  learning_rate = trial.suggest_loguniform("learning_rate", 1e-4, 1e-2)
/home/CIN/mpps/paulaperazzo/priv-anon/env/lib/python3.10/site-packages/keras/src/models/functional.py:225: UserWarning: The structure of `inputs` doesn't match the expected structure: ['keras_tensor_1720', 'keras_tensor_1726', 'keras_tensor_1732', 'keras_tensor_1738', 'keras_tensor_1744', 'keras_tensor_1750']. Received: the structure of inputs=('*', '*', '*', '*', '*', '*')
  warnings.warn(
[I 2024-11-01 17:37:46,204] Trial 43 finished with value: 0.6560805439949036 and parameters: {'num_filters1': 16, 'num_filters2': 96, 'dense_units1': 64, 'dense_units2': 128, 'learning_rate': 0.00015096953055533953, 'batch_size': 32}. Best is trial 33 with value: 0.6808675527572632.
/home/CIN/mpps/paulaperazzo/priv-anon/src/training/optimizer.py:35: FutureWarning: suggest_loguniform has been deprecated in v3.0.0. This feature will be removed in v6.0.0. See https://github.com/optuna/optuna/releases/tag/v3.0.0. Use suggest_float(..., log=True) instead.
  learning_rate = trial.suggest_loguniform("learning_rate", 1e-4, 1e-2)
/home/CIN/mpps/paulaperazzo/priv-anon/env/lib/python3.10/site-packages/keras/src/models/functional.py:225: UserWarning: The structure of `inputs` doesn't match the expected structure: ['keras_tensor_1760', 'keras_tensor_1766', 'keras_tensor_1772', 'keras_tensor_1778', 'keras_tensor_1784', 'keras_tensor_1790']. Received: the structure of inputs=('*', '*', '*', '*', '*', '*')
  warnings.warn(
[I 2024-11-01 17:38:09,862] Trial 44 finished with value: 0.624322235584259 and parameters: {'num_filters1': 32, 'num_filters2': 96, 'dense_units1': 64, 'dense_units2': 64, 'learning_rate': 0.00011172077930537455, 'batch_size': 32}. Best is trial 33 with value: 0.6808675527572632.
/home/CIN/mpps/paulaperazzo/priv-anon/src/training/optimizer.py:35: FutureWarning: suggest_loguniform has been deprecated in v3.0.0. This feature will be removed in v6.0.0. See https://github.com/optuna/optuna/releases/tag/v3.0.0. Use suggest_float(..., log=True) instead.
  learning_rate = trial.suggest_loguniform("learning_rate", 1e-4, 1e-2)
/home/CIN/mpps/paulaperazzo/priv-anon/env/lib/python3.10/site-packages/keras/src/models/functional.py:225: UserWarning: The structure of `inputs` doesn't match the expected structure: ['keras_tensor_1800', 'keras_tensor_1806', 'keras_tensor_1812', 'keras_tensor_1818', 'keras_tensor_1824', 'keras_tensor_1830']. Received: the structure of inputs=('*', '*', '*', '*', '*', '*')
  warnings.warn(
[I 2024-11-01 17:38:32,607] Trial 45 finished with value: 0.6475600600242615 and parameters: {'num_filters1': 16, 'num_filters2': 96, 'dense_units1': 64, 'dense_units2': 96, 'learning_rate': 0.00022210799490233023, 'batch_size': 64}. Best is trial 33 with value: 0.6808675527572632.
/home/CIN/mpps/paulaperazzo/priv-anon/src/training/optimizer.py:35: FutureWarning: suggest_loguniform has been deprecated in v3.0.0. This feature will be removed in v6.0.0. See https://github.com/optuna/optuna/releases/tag/v3.0.0. Use suggest_float(..., log=True) instead.
  learning_rate = trial.suggest_loguniform("learning_rate", 1e-4, 1e-2)
/home/CIN/mpps/paulaperazzo/priv-anon/env/lib/python3.10/site-packages/keras/src/models/functional.py:225: UserWarning: The structure of `inputs` doesn't match the expected structure: ['keras_tensor_1840', 'keras_tensor_1846', 'keras_tensor_1852', 'keras_tensor_1858', 'keras_tensor_1864', 'keras_tensor_1870']. Received: the structure of inputs=('*', '*', '*', '*', '*', '*')
  warnings.warn(
[I 2024-11-01 17:39:06,616] Trial 46 finished with value: 0.6367157101631165 and parameters: {'num_filters1': 32, 'num_filters2': 96, 'dense_units1': 128, 'dense_units2': 128, 'learning_rate': 0.0014245635574595746, 'batch_size': 32}. Best is trial 33 with value: 0.6808675527572632.
/home/CIN/mpps/paulaperazzo/priv-anon/src/training/optimizer.py:35: FutureWarning: suggest_loguniform has been deprecated in v3.0.0. This feature will be removed in v6.0.0. See https://github.com/optuna/optuna/releases/tag/v3.0.0. Use suggest_float(..., log=True) instead.
  learning_rate = trial.suggest_loguniform("learning_rate", 1e-4, 1e-2)
/home/CIN/mpps/paulaperazzo/priv-anon/env/lib/python3.10/site-packages/keras/src/models/functional.py:225: UserWarning: The structure of `inputs` doesn't match the expected structure: ['keras_tensor_1880', 'keras_tensor_1886', 'keras_tensor_1892', 'keras_tensor_1898', 'keras_tensor_1904', 'keras_tensor_1910']. Received: the structure of inputs=('*', '*', '*', '*', '*', '*')
  warnings.warn(
[I 2024-11-01 17:39:38,318] Trial 47 finished with value: 0.624322235584259 and parameters: {'num_filters1': 16, 'num_filters2': 128, 'dense_units1': 64, 'dense_units2': 32, 'learning_rate': 0.00010075461189159974, 'batch_size': 128}. Best is trial 33 with value: 0.6808675527572632.
/home/CIN/mpps/paulaperazzo/priv-anon/src/training/optimizer.py:35: FutureWarning: suggest_loguniform has been deprecated in v3.0.0. This feature will be removed in v6.0.0. See https://github.com/optuna/optuna/releases/tag/v3.0.0. Use suggest_float(..., log=True) instead.
  learning_rate = trial.suggest_loguniform("learning_rate", 1e-4, 1e-2)
/home/CIN/mpps/paulaperazzo/priv-anon/env/lib/python3.10/site-packages/keras/src/models/functional.py:225: UserWarning: The structure of `inputs` doesn't match the expected structure: ['keras_tensor_1920', 'keras_tensor_1926', 'keras_tensor_1932', 'keras_tensor_1938', 'keras_tensor_1944', 'keras_tensor_1950']. Received: the structure of inputs=('*', '*', '*', '*', '*', '*')
  warnings.warn(
[I 2024-11-01 17:40:15,665] Trial 48 finished with value: 0.624322235584259 and parameters: {'num_filters1': 32, 'num_filters2': 96, 'dense_units1': 256, 'dense_units2': 96, 'learning_rate': 0.002908246581748013, 'batch_size': 64}. Best is trial 33 with value: 0.6808675527572632.
/home/CIN/mpps/paulaperazzo/priv-anon/src/training/optimizer.py:35: FutureWarning: suggest_loguniform has been deprecated in v3.0.0. This feature will be removed in v6.0.0. See https://github.com/optuna/optuna/releases/tag/v3.0.0. Use suggest_float(..., log=True) instead.
  learning_rate = trial.suggest_loguniform("learning_rate", 1e-4, 1e-2)
/home/CIN/mpps/paulaperazzo/priv-anon/env/lib/python3.10/site-packages/keras/src/models/functional.py:225: UserWarning: The structure of `inputs` doesn't match the expected structure: ['keras_tensor_1960', 'keras_tensor_1966', 'keras_tensor_1972', 'keras_tensor_1978', 'keras_tensor_1984', 'keras_tensor_1990']. Received: the structure of inputs=('*', '*', '*', '*', '*', '*')
  warnings.warn(
[I 2024-11-01 17:40:39,832] Trial 49 finished with value: 0.6258714199066162 and parameters: {'num_filters1': 16, 'num_filters2': 64, 'dense_units1': 128, 'dense_units2': 64, 'learning_rate': 0.00041631405443413085, 'batch_size': 32}. Best is trial 33 with value: 0.6808675527572632.
