[I 2024-11-01 10:45:09,511] Trial 18 finished with value: 0.5716499090194702 and parameters: {'num_filters1': 64, 'num_filters2': 96, 'dense_units1': 256, 'dense_units2': 128, 'learning_rate': 0.005451561833758407, 'batch_size': 64}. Best is trial 17 with value: 0.8559256196022034.
/home/CIN/mpps/paulaperazzo/priv-anon/src/training/optimizer.py:32: FutureWarning: suggest_loguniform has been deprecated in v3.0.0. This feature will be removed in v6.0.0. See https://github.com/optuna/optuna/releases/tag/v3.0.0. Use suggest_float(..., log=True) instead.
  learning_rate = trial.suggest_loguniform("learning_rate", 1e-4, 1e-2)
/home/CIN/mpps/paulaperazzo/priv-anon/env/lib/python3.10/site-packages/keras/src/models/functional.py:225: UserWarning: The structure of `inputs` doesn't match the expected structure: ['keras_tensor_760', 'keras_tensor_766', 'keras_tensor_772', 'keras_tensor_778', 'keras_tensor_784', 'keras_tensor_790']. Received: the structure of inputs=('*', '*', '*', '*', '*', '*')
  warnings.warn(
[I 2024-11-01 10:46:11,870] Trial 19 finished with value: 0.8667699694633484 and parameters: {'num_filters1': 64, 'num_filters2': 128, 'dense_units1': 192, 'dense_units2': 96, 'learning_rate': 0.0019467449315228001, 'batch_size': 64}. Best is trial 19 with value: 0.8667699694633484.
/home/CIN/mpps/paulaperazzo/priv-anon/src/training/optimizer.py:32: FutureWarning: suggest_loguniform has been deprecated in v3.0.0. This feature will be removed in v6.0.0. See https://github.com/optuna/optuna/releases/tag/v3.0.0. Use suggest_float(..., log=True) instead.
  learning_rate = trial.suggest_loguniform("learning_rate", 1e-4, 1e-2)
/home/CIN/mpps/paulaperazzo/priv-anon/env/lib/python3.10/site-packages/keras/src/models/functional.py:225: UserWarning: The structure of `inputs` doesn't match the expected structure: ['keras_tensor_800', 'keras_tensor_806', 'keras_tensor_812', 'keras_tensor_818', 'keras_tensor_824', 'keras_tensor_830']. Received: the structure of inputs=('*', '*', '*', '*', '*', '*')
  warnings.warn(
[I 2024-11-01 10:47:48,694] Trial 20 finished with value: 0.7722695469856262 and parameters: {'num_filters1': 64, 'num_filters2': 128, 'dense_units1': 256, 'dense_units2': 128, 'learning_rate': 0.0041365848185429144, 'batch_size': 64}. Best is trial 19 with value: 0.8667699694633484.
/home/CIN/mpps/paulaperazzo/priv-anon/src/training/optimizer.py:32: FutureWarning: suggest_loguniform has been deprecated in v3.0.0. This feature will be removed in v6.0.0. See https://github.com/optuna/optuna/releases/tag/v3.0.0. Use suggest_float(..., log=True) instead.
  learning_rate = trial.suggest_loguniform("learning_rate", 1e-4, 1e-2)
/home/CIN/mpps/paulaperazzo/priv-anon/env/lib/python3.10/site-packages/keras/src/models/functional.py:225: UserWarning: The structure of `inputs` doesn't match the expected structure: ['keras_tensor_840', 'keras_tensor_846', 'keras_tensor_852', 'keras_tensor_858', 'keras_tensor_864', 'keras_tensor_870']. Received: the structure of inputs=('*', '*', '*', '*', '*', '*')
  warnings.warn(
[I 2024-11-01 10:48:38,247] Trial 21 finished with value: 0.8497288823127747 and parameters: {'num_filters1': 64, 'num_filters2': 128, 'dense_units1': 192, 'dense_units2': 96, 'learning_rate': 0.002021694799983548, 'batch_size': 64}. Best is trial 19 with value: 0.8667699694633484.
/home/CIN/mpps/paulaperazzo/priv-anon/src/training/optimizer.py:32: FutureWarning: suggest_loguniform has been deprecated in v3.0.0. This feature will be removed in v6.0.0. See https://github.com/optuna/optuna/releases/tag/v3.0.0. Use suggest_float(..., log=True) instead.
  learning_rate = trial.suggest_loguniform("learning_rate", 1e-4, 1e-2)
/home/CIN/mpps/paulaperazzo/priv-anon/env/lib/python3.10/site-packages/keras/src/models/functional.py:225: UserWarning: The structure of `inputs` doesn't match the expected structure: ['keras_tensor_880', 'keras_tensor_886', 'keras_tensor_892', 'keras_tensor_898', 'keras_tensor_904', 'keras_tensor_910']. Received: the structure of inputs=('*', '*', '*', '*', '*', '*')
  warnings.warn(
[I 2024-11-01 10:49:51,743] Trial 22 finished with value: 0.8412083387374878 and parameters: {'num_filters1': 64, 'num_filters2': 128, 'dense_units1': 192, 'dense_units2': 96, 'learning_rate': 0.0020027694877910126, 'batch_size': 64}. Best is trial 19 with value: 0.8667699694633484.
/home/CIN/mpps/paulaperazzo/priv-anon/src/training/optimizer.py:32: FutureWarning: suggest_loguniform has been deprecated in v3.0.0. This feature will be removed in v6.0.0. See https://github.com/optuna/optuna/releases/tag/v3.0.0. Use suggest_float(..., log=True) instead.
  learning_rate = trial.suggest_loguniform("learning_rate", 1e-4, 1e-2)
/home/CIN/mpps/paulaperazzo/priv-anon/env/lib/python3.10/site-packages/keras/src/models/functional.py:225: UserWarning: The structure of `inputs` doesn't match the expected structure: ['keras_tensor_920', 'keras_tensor_926', 'keras_tensor_932', 'keras_tensor_938', 'keras_tensor_944', 'keras_tensor_950']. Received: the structure of inputs=('*', '*', '*', '*', '*', '*')
  warnings.warn(
[I 2024-11-01 10:50:30,506] Trial 23 finished with value: 0.815646767616272 and parameters: {'num_filters1': 64, 'num_filters2': 128, 'dense_units1': 192, 'dense_units2': 96, 'learning_rate': 0.0009507052307457716, 'batch_size': 64}. Best is trial 19 with value: 0.8667699694633484.
/home/CIN/mpps/paulaperazzo/priv-anon/src/training/optimizer.py:32: FutureWarning: suggest_loguniform has been deprecated in v3.0.0. This feature will be removed in v6.0.0. See https://github.com/optuna/optuna/releases/tag/v3.0.0. Use suggest_float(..., log=True) instead.
  learning_rate = trial.suggest_loguniform("learning_rate", 1e-4, 1e-2)
/home/CIN/mpps/paulaperazzo/priv-anon/env/lib/python3.10/site-packages/keras/src/models/functional.py:225: UserWarning: The structure of `inputs` doesn't match the expected structure: ['keras_tensor_960', 'keras_tensor_966', 'keras_tensor_972', 'keras_tensor_978', 'keras_tensor_984', 'keras_tensor_990']. Received: the structure of inputs=('*', '*', '*', '*', '*', '*')
  warnings.warn(
[I 2024-11-01 10:51:48,819] Trial 24 finished with value: 0.8241673111915588 and parameters: {'num_filters1': 64, 'num_filters2': 128, 'dense_units1': 256, 'dense_units2': 96, 'learning_rate': 0.003688257814993915, 'batch_size': 64}. Best is trial 19 with value: 0.8667699694633484.
/home/CIN/mpps/paulaperazzo/priv-anon/src/training/optimizer.py:32: FutureWarning: suggest_loguniform has been deprecated in v3.0.0. This feature will be removed in v6.0.0. See https://github.com/optuna/optuna/releases/tag/v3.0.0. Use suggest_float(..., log=True) instead.
  learning_rate = trial.suggest_loguniform("learning_rate", 1e-4, 1e-2)
/home/CIN/mpps/paulaperazzo/priv-anon/env/lib/python3.10/site-packages/keras/src/models/functional.py:225: UserWarning: The structure of `inputs` doesn't match the expected structure: ['keras_tensor_1000', 'keras_tensor_1006', 'keras_tensor_1012', 'keras_tensor_1018', 'keras_tensor_1024', 'keras_tensor_1030']. Received: the structure of inputs=('*', '*', '*', '*', '*', '*')
  warnings.warn(
[I 2024-11-01 10:52:50,172] Trial 25 finished with value: 0.7103021144866943 and parameters: {'num_filters1': 64, 'num_filters2': 128, 'dense_units1': 192, 'dense_units2': 64, 'learning_rate': 0.00843853217565323, 'batch_size': 64}. Best is trial 19 with value: 0.8667699694633484.
/home/CIN/mpps/paulaperazzo/priv-anon/src/training/optimizer.py:32: FutureWarning: suggest_loguniform has been deprecated in v3.0.0. This feature will be removed in v6.0.0. See https://github.com/optuna/optuna/releases/tag/v3.0.0. Use suggest_float(..., log=True) instead.
  learning_rate = trial.suggest_loguniform("learning_rate", 1e-4, 1e-2)
/home/CIN/mpps/paulaperazzo/priv-anon/env/lib/python3.10/site-packages/keras/src/models/functional.py:225: UserWarning: The structure of `inputs` doesn't match the expected structure: ['keras_tensor_1040', 'keras_tensor_1046', 'keras_tensor_1052', 'keras_tensor_1058', 'keras_tensor_1064', 'keras_tensor_1070']. Received: the structure of inputs=('*', '*', '*', '*', '*', '*')
  warnings.warn(
[I 2024-11-01 10:53:38,686] Trial 26 finished with value: 0.8350116014480591 and parameters: {'num_filters1': 64, 'num_filters2': 96, 'dense_units1': 256, 'dense_units2': 96, 'learning_rate': 0.002006758668227825, 'batch_size': 64}. Best is trial 19 with value: 0.8667699694633484.
/home/CIN/mpps/paulaperazzo/priv-anon/src/training/optimizer.py:32: FutureWarning: suggest_loguniform has been deprecated in v3.0.0. This feature will be removed in v6.0.0. See https://github.com/optuna/optuna/releases/tag/v3.0.0. Use suggest_float(..., log=True) instead.
  learning_rate = trial.suggest_loguniform("learning_rate", 1e-4, 1e-2)
/home/CIN/mpps/paulaperazzo/priv-anon/env/lib/python3.10/site-packages/keras/src/models/functional.py:225: UserWarning: The structure of `inputs` doesn't match the expected structure: ['keras_tensor_1080', 'keras_tensor_1086', 'keras_tensor_1092', 'keras_tensor_1098', 'keras_tensor_1104', 'keras_tensor_1110']. Received: the structure of inputs=('*', '*', '*', '*', '*', '*')
  warnings.warn(
[I 2024-11-01 10:54:21,246] Trial 27 finished with value: 0.7893106341362 and parameters: {'num_filters1': 48, 'num_filters2': 128, 'dense_units1': 192, 'dense_units2': 128, 'learning_rate': 0.0008882272538230116, 'batch_size': 64}. Best is trial 19 with value: 0.8667699694633484.
/home/CIN/mpps/paulaperazzo/priv-anon/src/training/optimizer.py:32: FutureWarning: suggest_loguniform has been deprecated in v3.0.0. This feature will be removed in v6.0.0. See https://github.com/optuna/optuna/releases/tag/v3.0.0. Use suggest_float(..., log=True) instead.
  learning_rate = trial.suggest_loguniform("learning_rate", 1e-4, 1e-2)
/home/CIN/mpps/paulaperazzo/priv-anon/env/lib/python3.10/site-packages/keras/src/models/functional.py:225: UserWarning: The structure of `inputs` doesn't match the expected structure: ['keras_tensor_1120', 'keras_tensor_1126', 'keras_tensor_1132', 'keras_tensor_1138', 'keras_tensor_1144', 'keras_tensor_1150']. Received: the structure of inputs=('*', '*', '*', '*', '*', '*')
  warnings.warn(
[I 2024-11-01 10:55:48,788] Trial 28 finished with value: 0.8388845920562744 and parameters: {'num_filters1': 64, 'num_filters2': 128, 'dense_units1': 192, 'dense_units2': 96, 'learning_rate': 0.006139052833190202, 'batch_size': 64}. Best is trial 19 with value: 0.8667699694633484.
/home/CIN/mpps/paulaperazzo/priv-anon/src/training/optimizer.py:32: FutureWarning: suggest_loguniform has been deprecated in v3.0.0. This feature will be removed in v6.0.0. See https://github.com/optuna/optuna/releases/tag/v3.0.0. Use suggest_float(..., log=True) instead.
  learning_rate = trial.suggest_loguniform("learning_rate", 1e-4, 1e-2)
/home/CIN/mpps/paulaperazzo/priv-anon/env/lib/python3.10/site-packages/keras/src/models/functional.py:225: UserWarning: The structure of `inputs` doesn't match the expected structure: ['keras_tensor_1160', 'keras_tensor_1166', 'keras_tensor_1172', 'keras_tensor_1178', 'keras_tensor_1184', 'keras_tensor_1190']. Received: the structure of inputs=('*', '*', '*', '*', '*', '*')
  warnings.warn(
[I 2024-11-01 10:56:23,690] Trial 29 finished with value: 0.743609607219696 and parameters: {'num_filters1': 48, 'num_filters2': 128, 'dense_units1': 192, 'dense_units2': 96, 'learning_rate': 0.00010250474447745842, 'batch_size': 64}. Best is trial 19 with value: 0.8667699694633484.
/home/CIN/mpps/paulaperazzo/priv-anon/src/training/optimizer.py:32: FutureWarning: suggest_loguniform has been deprecated in v3.0.0. This feature will be removed in v6.0.0. See https://github.com/optuna/optuna/releases/tag/v3.0.0. Use suggest_float(..., log=True) instead.
  learning_rate = trial.suggest_loguniform("learning_rate", 1e-4, 1e-2)
/home/CIN/mpps/paulaperazzo/priv-anon/env/lib/python3.10/site-packages/keras/src/models/functional.py:225: UserWarning: The structure of `inputs` doesn't match the expected structure: ['keras_tensor_1200', 'keras_tensor_1206', 'keras_tensor_1212', 'keras_tensor_1218', 'keras_tensor_1224', 'keras_tensor_1230']. Received: the structure of inputs=('*', '*', '*', '*', '*', '*')
  warnings.warn(
[I 2024-11-01 10:56:49,082] Trial 30 finished with value: 0.716498851776123 and parameters: {'num_filters1': 64, 'num_filters2': 96, 'dense_units1': 256, 'dense_units2': 64, 'learning_rate': 0.00015172538508092785, 'batch_size': 128}. Best is trial 19 with value: 0.8667699694633484.
/home/CIN/mpps/paulaperazzo/priv-anon/src/training/optimizer.py:32: FutureWarning: suggest_loguniform has been deprecated in v3.0.0. This feature will be removed in v6.0.0. See https://github.com/optuna/optuna/releases/tag/v3.0.0. Use suggest_float(..., log=True) instead.
  learning_rate = trial.suggest_loguniform("learning_rate", 1e-4, 1e-2)
/home/CIN/mpps/paulaperazzo/priv-anon/env/lib/python3.10/site-packages/keras/src/models/functional.py:225: UserWarning: The structure of `inputs` doesn't match the expected structure: ['keras_tensor_1240', 'keras_tensor_1246', 'keras_tensor_1252', 'keras_tensor_1258', 'keras_tensor_1264', 'keras_tensor_1270']. Received: the structure of inputs=('*', '*', '*', '*', '*', '*')
  warnings.warn(
[I 2024-11-01 10:57:16,630] Trial 31 finished with value: 0.8125483989715576 and parameters: {'num_filters1': 48, 'num_filters2': 96, 'dense_units1': 128, 'dense_units2': 96, 'learning_rate': 0.0016531312161371923, 'batch_size': 64}. Best is trial 19 with value: 0.8667699694633484.
/home/CIN/mpps/paulaperazzo/priv-anon/src/training/optimizer.py:32: FutureWarning: suggest_loguniform has been deprecated in v3.0.0. This feature will be removed in v6.0.0. See https://github.com/optuna/optuna/releases/tag/v3.0.0. Use suggest_float(..., log=True) instead.
  learning_rate = trial.suggest_loguniform("learning_rate", 1e-4, 1e-2)
/home/CIN/mpps/paulaperazzo/priv-anon/env/lib/python3.10/site-packages/keras/src/models/functional.py:225: UserWarning: The structure of `inputs` doesn't match the expected structure: ['keras_tensor_1280', 'keras_tensor_1286', 'keras_tensor_1292', 'keras_tensor_1298', 'keras_tensor_1304', 'keras_tensor_1310']. Received: the structure of inputs=('*', '*', '*', '*', '*', '*')
  warnings.warn(
[I 2024-11-01 10:58:03,392] Trial 32 finished with value: 0.8086754679679871 and parameters: {'num_filters1': 64, 'num_filters2': 96, 'dense_units1': 128, 'dense_units2': 96, 'learning_rate': 0.00276009798806656, 'batch_size': 64}. Best is trial 19 with value: 0.8667699694633484.
/home/CIN/mpps/paulaperazzo/priv-anon/src/training/optimizer.py:32: FutureWarning: suggest_loguniform has been deprecated in v3.0.0. This feature will be removed in v6.0.0. See https://github.com/optuna/optuna/releases/tag/v3.0.0. Use suggest_float(..., log=True) instead.
  learning_rate = trial.suggest_loguniform("learning_rate", 1e-4, 1e-2)
/home/CIN/mpps/paulaperazzo/priv-anon/env/lib/python3.10/site-packages/keras/src/models/functional.py:225: UserWarning: The structure of `inputs` doesn't match the expected structure: ['keras_tensor_1320', 'keras_tensor_1326', 'keras_tensor_1332', 'keras_tensor_1338', 'keras_tensor_1344', 'keras_tensor_1350']. Received: the structure of inputs=('*', '*', '*', '*', '*', '*')
  warnings.warn(
[I 2024-11-01 10:58:49,799] Trial 33 finished with value: 0.8342370390892029 and parameters: {'num_filters1': 48, 'num_filters2': 96, 'dense_units1': 192, 'dense_units2': 96, 'learning_rate': 0.0021555807728474057, 'batch_size': 64}. Best is trial 19 with value: 0.8667699694633484.
/home/CIN/mpps/paulaperazzo/priv-anon/src/training/optimizer.py:32: FutureWarning: suggest_loguniform has been deprecated in v3.0.0. This feature will be removed in v6.0.0. See https://github.com/optuna/optuna/releases/tag/v3.0.0. Use suggest_float(..., log=True) instead.
  learning_rate = trial.suggest_loguniform("learning_rate", 1e-4, 1e-2)
/home/CIN/mpps/paulaperazzo/priv-anon/env/lib/python3.10/site-packages/keras/src/models/functional.py:225: UserWarning: The structure of `inputs` doesn't match the expected structure: ['keras_tensor_1360', 'keras_tensor_1366', 'keras_tensor_1372', 'keras_tensor_1378', 'keras_tensor_1384', 'keras_tensor_1390']. Received: the structure of inputs=('*', '*', '*', '*', '*', '*')
  warnings.warn(
[I 2024-11-01 10:59:14,067] Trial 34 finished with value: 0.8109992146492004 and parameters: {'num_filters1': 32, 'num_filters2': 32, 'dense_units1': 128, 'dense_units2': 128, 'learning_rate': 0.0011600728775208692, 'batch_size': 32}. Best is trial 19 with value: 0.8667699694633484.
/home/CIN/mpps/paulaperazzo/priv-anon/src/training/optimizer.py:32: FutureWarning: suggest_loguniform has been deprecated in v3.0.0. This feature will be removed in v6.0.0. See https://github.com/optuna/optuna/releases/tag/v3.0.0. Use suggest_float(..., log=True) instead.
  learning_rate = trial.suggest_loguniform("learning_rate", 1e-4, 1e-2)
/home/CIN/mpps/paulaperazzo/priv-anon/env/lib/python3.10/site-packages/keras/src/models/functional.py:225: UserWarning: The structure of `inputs` doesn't match the expected structure: ['keras_tensor_1400', 'keras_tensor_1406', 'keras_tensor_1412', 'keras_tensor_1418', 'keras_tensor_1424', 'keras_tensor_1430']. Received: the structure of inputs=('*', '*', '*', '*', '*', '*')
  warnings.warn(
[I 2024-11-01 11:00:15,909] Trial 35 finished with value: 0.70720374584198 and parameters: {'num_filters1': 64, 'num_filters2': 128, 'dense_units1': 192, 'dense_units2': 96, 'learning_rate': 0.0036283551888311397, 'batch_size': 64}. Best is trial 19 with value: 0.8667699694633484.
/home/CIN/mpps/paulaperazzo/priv-anon/src/training/optimizer.py:32: FutureWarning: suggest_loguniform has been deprecated in v3.0.0. This feature will be removed in v6.0.0. See https://github.com/optuna/optuna/releases/tag/v3.0.0. Use suggest_float(..., log=True) instead.
  learning_rate = trial.suggest_loguniform("learning_rate", 1e-4, 1e-2)
/home/CIN/mpps/paulaperazzo/priv-anon/env/lib/python3.10/site-packages/keras/src/models/functional.py:225: UserWarning: The structure of `inputs` doesn't match the expected structure: ['keras_tensor_1440', 'keras_tensor_1446', 'keras_tensor_1452', 'keras_tensor_1458', 'keras_tensor_1464', 'keras_tensor_1470']. Received: the structure of inputs=('*', '*', '*', '*', '*', '*')
  warnings.warn(
[I 2024-11-01 11:00:48,045] Trial 36 finished with value: 0.8171959519386292 and parameters: {'num_filters1': 48, 'num_filters2': 96, 'dense_units1': 128, 'dense_units2': 96, 'learning_rate': 0.001643140163841952, 'batch_size': 128}. Best is trial 19 with value: 0.8667699694633484.
/home/CIN/mpps/paulaperazzo/priv-anon/src/training/optimizer.py:32: FutureWarning: suggest_loguniform has been deprecated in v3.0.0. This feature will be removed in v6.0.0. See https://github.com/optuna/optuna/releases/tag/v3.0.0. Use suggest_float(..., log=True) instead.
  learning_rate = trial.suggest_loguniform("learning_rate", 1e-4, 1e-2)
/home/CIN/mpps/paulaperazzo/priv-anon/env/lib/python3.10/site-packages/keras/src/models/functional.py:225: UserWarning: The structure of `inputs` doesn't match the expected structure: ['keras_tensor_1480', 'keras_tensor_1486', 'keras_tensor_1492', 'keras_tensor_1498', 'keras_tensor_1504', 'keras_tensor_1510']. Received: the structure of inputs=('*', '*', '*', '*', '*', '*')
  warnings.warn(
[I 2024-11-01 11:01:20,034] Trial 37 finished with value: 0.6738961935043335 and parameters: {'num_filters1': 64, 'num_filters2': 64, 'dense_units1': 192, 'dense_units2': 32, 'learning_rate': 0.0026884644257919956, 'batch_size': 64}. Best is trial 19 with value: 0.8667699694633484.
/home/CIN/mpps/paulaperazzo/priv-anon/src/training/optimizer.py:32: FutureWarning: suggest_loguniform has been deprecated in v3.0.0. This feature will be removed in v6.0.0. See https://github.com/optuna/optuna/releases/tag/v3.0.0. Use suggest_float(..., log=True) instead.
  learning_rate = trial.suggest_loguniform("learning_rate", 1e-4, 1e-2)
/home/CIN/mpps/paulaperazzo/priv-anon/env/lib/python3.10/site-packages/keras/src/models/functional.py:225: UserWarning: The structure of `inputs` doesn't match the expected structure: ['keras_tensor_1520', 'keras_tensor_1526', 'keras_tensor_1532', 'keras_tensor_1538', 'keras_tensor_1544', 'keras_tensor_1550']. Received: the structure of inputs=('*', '*', '*', '*', '*', '*')
  warnings.warn(
[I 2024-11-01 11:02:02,210] Trial 38 finished with value: 0.7931835651397705 and parameters: {'num_filters1': 32, 'num_filters2': 128, 'dense_units1': 128, 'dense_units2': 64, 'learning_rate': 0.00044740995642354286, 'batch_size': 32}. Best is trial 19 with value: 0.8667699694633484.
/home/CIN/mpps/paulaperazzo/priv-anon/src/training/optimizer.py:32: FutureWarning: suggest_loguniform has been deprecated in v3.0.0. This feature will be removed in v6.0.0. See https://github.com/optuna/optuna/releases/tag/v3.0.0. Use suggest_float(..., log=True) instead.
  learning_rate = trial.suggest_loguniform("learning_rate", 1e-4, 1e-2)
/home/CIN/mpps/paulaperazzo/priv-anon/env/lib/python3.10/site-packages/keras/src/models/functional.py:225: UserWarning: The structure of `inputs` doesn't match the expected structure: ['keras_tensor_1560', 'keras_tensor_1566', 'keras_tensor_1572', 'keras_tensor_1578', 'keras_tensor_1584', 'keras_tensor_1590']. Received: the structure of inputs=('*', '*', '*', '*', '*', '*')
  warnings.warn(
