[I 2024-11-04 15:31:24,622] Trial 40 finished with value: 0.7079783082008362 and parameters: {'num_filters1': 48, 'num_filters2': 64, 'dense_units1': 64, 'dense_units2': 128, 'learning_rate': 0.0009704561720378985, 'batch_size': 32}. Best is trial 36 with value: 0.7529047131538391.
/home/CIN/mpps/paulaperazzo/priv-anon/src/training/optimizer.py:35: FutureWarning: suggest_loguniform has been deprecated in v3.0.0. This feature will be removed in v6.0.0. See https://github.com/optuna/optuna/releases/tag/v3.0.0. Use suggest_float(..., log=True) instead.
  learning_rate = trial.suggest_loguniform("learning_rate", 1e-4, 1e-2)
/home/CIN/mpps/paulaperazzo/priv-anon/env/lib/python3.10/site-packages/keras/src/models/functional.py:225: UserWarning: The structure of `inputs` doesn't match the expected structure: ['keras_tensor_1640', 'keras_tensor_1646', 'keras_tensor_1652', 'keras_tensor_1658', 'keras_tensor_1664', 'keras_tensor_1670']. Received: the structure of inputs=('*', '*', '*', '*', '*', '*')
  warnings.warn(
[I 2024-11-04 15:32:10,938] Trial 41 finished with value: 0.7203717827796936 and parameters: {'num_filters1': 48, 'num_filters2': 32, 'dense_units1': 128, 'dense_units2': 128, 'learning_rate': 0.00029708079245233674, 'batch_size': 32}. Best is trial 36 with value: 0.7529047131538391.
/home/CIN/mpps/paulaperazzo/priv-anon/src/training/optimizer.py:35: FutureWarning: suggest_loguniform has been deprecated in v3.0.0. This feature will be removed in v6.0.0. See https://github.com/optuna/optuna/releases/tag/v3.0.0. Use suggest_float(..., log=True) instead.
  learning_rate = trial.suggest_loguniform("learning_rate", 1e-4, 1e-2)
/home/CIN/mpps/paulaperazzo/priv-anon/env/lib/python3.10/site-packages/keras/src/models/functional.py:225: UserWarning: The structure of `inputs` doesn't match the expected structure: ['keras_tensor_1680', 'keras_tensor_1686', 'keras_tensor_1692', 'keras_tensor_1698', 'keras_tensor_1704', 'keras_tensor_1710']. Received: the structure of inputs=('*', '*', '*', '*', '*', '*')
  warnings.warn(
[I 2024-11-04 15:33:16,342] Trial 42 finished with value: 0.7521301507949829 and parameters: {'num_filters1': 64, 'num_filters2': 32, 'dense_units1': 128, 'dense_units2': 128, 'learning_rate': 0.00017796216505383073, 'batch_size': 32}. Best is trial 36 with value: 0.7529047131538391.
/home/CIN/mpps/paulaperazzo/priv-anon/src/training/optimizer.py:35: FutureWarning: suggest_loguniform has been deprecated in v3.0.0. This feature will be removed in v6.0.0. See https://github.com/optuna/optuna/releases/tag/v3.0.0. Use suggest_float(..., log=True) instead.
  learning_rate = trial.suggest_loguniform("learning_rate", 1e-4, 1e-2)
/home/CIN/mpps/paulaperazzo/priv-anon/env/lib/python3.10/site-packages/keras/src/models/functional.py:225: UserWarning: The structure of `inputs` doesn't match the expected structure: ['keras_tensor_1720', 'keras_tensor_1726', 'keras_tensor_1732', 'keras_tensor_1738', 'keras_tensor_1744', 'keras_tensor_1750']. Received: the structure of inputs=('*', '*', '*', '*', '*', '*')
  warnings.warn(
[I 2024-11-04 15:34:22,183] Trial 43 finished with value: 0.7374128699302673 and parameters: {'num_filters1': 64, 'num_filters2': 32, 'dense_units1': 192, 'dense_units2': 128, 'learning_rate': 0.00017077987176950592, 'batch_size': 32}. Best is trial 36 with value: 0.7529047131538391.
/home/CIN/mpps/paulaperazzo/priv-anon/src/training/optimizer.py:35: FutureWarning: suggest_loguniform has been deprecated in v3.0.0. This feature will be removed in v6.0.0. See https://github.com/optuna/optuna/releases/tag/v3.0.0. Use suggest_float(..., log=True) instead.
  learning_rate = trial.suggest_loguniform("learning_rate", 1e-4, 1e-2)
/home/CIN/mpps/paulaperazzo/priv-anon/env/lib/python3.10/site-packages/keras/src/models/functional.py:225: UserWarning: The structure of `inputs` doesn't match the expected structure: ['keras_tensor_1760', 'keras_tensor_1766', 'keras_tensor_1772', 'keras_tensor_1778', 'keras_tensor_1784', 'keras_tensor_1790']. Received: the structure of inputs=('*', '*', '*', '*', '*', '*')
  warnings.warn(
[I 2024-11-04 15:35:25,207] Trial 44 finished with value: 0.6855151057243347 and parameters: {'num_filters1': 64, 'num_filters2': 32, 'dense_units1': 192, 'dense_units2': 32, 'learning_rate': 0.0001690600555243785, 'batch_size': 64}. Best is trial 36 with value: 0.7529047131538391.
/home/CIN/mpps/paulaperazzo/priv-anon/src/training/optimizer.py:35: FutureWarning: suggest_loguniform has been deprecated in v3.0.0. This feature will be removed in v6.0.0. See https://github.com/optuna/optuna/releases/tag/v3.0.0. Use suggest_float(..., log=True) instead.
  learning_rate = trial.suggest_loguniform("learning_rate", 1e-4, 1e-2)
/home/CIN/mpps/paulaperazzo/priv-anon/env/lib/python3.10/site-packages/keras/src/models/functional.py:225: UserWarning: The structure of `inputs` doesn't match the expected structure: ['keras_tensor_1800', 'keras_tensor_1806', 'keras_tensor_1812', 'keras_tensor_1818', 'keras_tensor_1824', 'keras_tensor_1830']. Received: the structure of inputs=('*', '*', '*', '*', '*', '*')
  warnings.warn(
[I 2024-11-04 15:36:39,220] Trial 45 finished with value: 0.7273431420326233 and parameters: {'num_filters1': 64, 'num_filters2': 32, 'dense_units1': 192, 'dense_units2': 128, 'learning_rate': 0.0001717945620570275, 'batch_size': 32}. Best is trial 36 with value: 0.7529047131538391.
/home/CIN/mpps/paulaperazzo/priv-anon/src/training/optimizer.py:35: FutureWarning: suggest_loguniform has been deprecated in v3.0.0. This feature will be removed in v6.0.0. See https://github.com/optuna/optuna/releases/tag/v3.0.0. Use suggest_float(..., log=True) instead.
  learning_rate = trial.suggest_loguniform("learning_rate", 1e-4, 1e-2)
/home/CIN/mpps/paulaperazzo/priv-anon/env/lib/python3.10/site-packages/keras/src/models/functional.py:225: UserWarning: The structure of `inputs` doesn't match the expected structure: ['keras_tensor_1840', 'keras_tensor_1846', 'keras_tensor_1852', 'keras_tensor_1858', 'keras_tensor_1864', 'keras_tensor_1870']. Received: the structure of inputs=('*', '*', '*', '*', '*', '*')
  warnings.warn(
[I 2024-11-04 15:38:02,744] Trial 46 finished with value: 0.7591014504432678 and parameters: {'num_filters1': 64, 'num_filters2': 32, 'dense_units1': 256, 'dense_units2': 128, 'learning_rate': 0.0001003624815379559, 'batch_size': 32}. Best is trial 46 with value: 0.7591014504432678.
/home/CIN/mpps/paulaperazzo/priv-anon/src/training/optimizer.py:35: FutureWarning: suggest_loguniform has been deprecated in v3.0.0. This feature will be removed in v6.0.0. See https://github.com/optuna/optuna/releases/tag/v3.0.0. Use suggest_float(..., log=True) instead.
  learning_rate = trial.suggest_loguniform("learning_rate", 1e-4, 1e-2)
/home/CIN/mpps/paulaperazzo/priv-anon/env/lib/python3.10/site-packages/keras/src/models/functional.py:225: UserWarning: The structure of `inputs` doesn't match the expected structure: ['keras_tensor_1880', 'keras_tensor_1886', 'keras_tensor_1892', 'keras_tensor_1898', 'keras_tensor_1904', 'keras_tensor_1910']. Received: the structure of inputs=('*', '*', '*', '*', '*', '*')
  warnings.warn(
[I 2024-11-04 15:41:54,513] Trial 47 finished with value: 0.6769945621490479 and parameters: {'num_filters1': 64, 'num_filters2': 128, 'dense_units1': 256, 'dense_units2': 128, 'learning_rate': 0.0001265191994494029, 'batch_size': 32}. Best is trial 46 with value: 0.7591014504432678.
/home/CIN/mpps/paulaperazzo/priv-anon/src/training/optimizer.py:35: FutureWarning: suggest_loguniform has been deprecated in v3.0.0. This feature will be removed in v6.0.0. See https://github.com/optuna/optuna/releases/tag/v3.0.0. Use suggest_float(..., log=True) instead.
  learning_rate = trial.suggest_loguniform("learning_rate", 1e-4, 1e-2)
/home/CIN/mpps/paulaperazzo/priv-anon/env/lib/python3.10/site-packages/keras/src/models/functional.py:225: UserWarning: The structure of `inputs` doesn't match the expected structure: ['keras_tensor_1920', 'keras_tensor_1926', 'keras_tensor_1932', 'keras_tensor_1938', 'keras_tensor_1944', 'keras_tensor_1950']. Received: the structure of inputs=('*', '*', '*', '*', '*', '*')
  warnings.warn(
[I 2024-11-04 15:43:25,018] Trial 48 finished with value: 0.7769170999526978 and parameters: {'num_filters1': 64, 'num_filters2': 32, 'dense_units1': 256, 'dense_units2': 96, 'learning_rate': 0.00010255171122523103, 'batch_size': 64}. Best is trial 48 with value: 0.7769170999526978.
/home/CIN/mpps/paulaperazzo/priv-anon/src/training/optimizer.py:35: FutureWarning: suggest_loguniform has been deprecated in v3.0.0. This feature will be removed in v6.0.0. See https://github.com/optuna/optuna/releases/tag/v3.0.0. Use suggest_float(..., log=True) instead.
  learning_rate = trial.suggest_loguniform("learning_rate", 1e-4, 1e-2)
/home/CIN/mpps/paulaperazzo/priv-anon/env/lib/python3.10/site-packages/keras/src/models/functional.py:225: UserWarning: The structure of `inputs` doesn't match the expected structure: ['keras_tensor_1960', 'keras_tensor_1966', 'keras_tensor_1972', 'keras_tensor_1978', 'keras_tensor_1984', 'keras_tensor_1990']. Received: the structure of inputs=('*', '*', '*', '*', '*', '*')
  warnings.warn(
[I 2024-11-04 15:44:58,671] Trial 49 finished with value: 0.6506584286689758 and parameters: {'num_filters1': 64, 'num_filters2': 64, 'dense_units1': 256, 'dense_units2': 96, 'learning_rate': 0.00010920972276597995, 'batch_size': 64}. Best is trial 48 with value: 0.7769170999526978.
