[I 2024-11-04 15:16:04,529] Trial 19 finished with value: 0.6738961935043335 and parameters: {'num_filters1': 16, 'num_filters2': 96, 'dense_units1': 128, 'dense_units2': 96, 'learning_rate': 0.0014772037188060182, 'batch_size': 32}. Best is trial 12 with value: 0.7443841695785522.
/home/CIN/mpps/paulaperazzo/priv-anon/src/training/optimizer.py:35: FutureWarning: suggest_loguniform has been deprecated in v3.0.0. This feature will be removed in v6.0.0. See https://github.com/optuna/optuna/releases/tag/v3.0.0. Use suggest_float(..., log=True) instead.
  learning_rate = trial.suggest_loguniform("learning_rate", 1e-4, 1e-2)
/home/CIN/mpps/paulaperazzo/priv-anon/env/lib/python3.10/site-packages/keras/src/models/functional.py:225: UserWarning: The structure of `inputs` doesn't match the expected structure: ['keras_tensor_800', 'keras_tensor_806', 'keras_tensor_812', 'keras_tensor_818', 'keras_tensor_824', 'keras_tensor_830']. Received: the structure of inputs=('*', '*', '*', '*', '*', '*')
  warnings.warn(
[I 2024-11-04 15:17:00,740] Trial 20 finished with value: 0.7087529301643372 and parameters: {'num_filters1': 32, 'num_filters2': 64, 'dense_units1': 64, 'dense_units2': 128, 'learning_rate': 0.00010373710769134147, 'batch_size': 32}. Best is trial 12 with value: 0.7443841695785522.
/home/CIN/mpps/paulaperazzo/priv-anon/src/training/optimizer.py:35: FutureWarning: suggest_loguniform has been deprecated in v3.0.0. This feature will be removed in v6.0.0. See https://github.com/optuna/optuna/releases/tag/v3.0.0. Use suggest_float(..., log=True) instead.
  learning_rate = trial.suggest_loguniform("learning_rate", 1e-4, 1e-2)
/home/CIN/mpps/paulaperazzo/priv-anon/env/lib/python3.10/site-packages/keras/src/models/functional.py:225: UserWarning: The structure of `inputs` doesn't match the expected structure: ['keras_tensor_840', 'keras_tensor_846', 'keras_tensor_852', 'keras_tensor_858', 'keras_tensor_864', 'keras_tensor_870']. Received: the structure of inputs=('*', '*', '*', '*', '*', '*')
  warnings.warn(
[I 2024-11-04 15:17:38,273] Trial 21 finished with value: 0.7141750454902649 and parameters: {'num_filters1': 16, 'num_filters2': 32, 'dense_units1': 128, 'dense_units2': 128, 'learning_rate': 0.00027001948677578215, 'batch_size': 32}. Best is trial 12 with value: 0.7443841695785522.
/home/CIN/mpps/paulaperazzo/priv-anon/src/training/optimizer.py:35: FutureWarning: suggest_loguniform has been deprecated in v3.0.0. This feature will be removed in v6.0.0. See https://github.com/optuna/optuna/releases/tag/v3.0.0. Use suggest_float(..., log=True) instead.
  learning_rate = trial.suggest_loguniform("learning_rate", 1e-4, 1e-2)
/home/CIN/mpps/paulaperazzo/priv-anon/env/lib/python3.10/site-packages/keras/src/models/functional.py:225: UserWarning: The structure of `inputs` doesn't match the expected structure: ['keras_tensor_880', 'keras_tensor_886', 'keras_tensor_892', 'keras_tensor_898', 'keras_tensor_904', 'keras_tensor_910']. Received: the structure of inputs=('*', '*', '*', '*', '*', '*')
  warnings.warn(
[I 2024-11-04 15:18:11,943] Trial 22 finished with value: 0.705654501914978 and parameters: {'num_filters1': 16, 'num_filters2': 32, 'dense_units1': 128, 'dense_units2': 128, 'learning_rate': 0.0002618062209183418, 'batch_size': 32}. Best is trial 12 with value: 0.7443841695785522.
/home/CIN/mpps/paulaperazzo/priv-anon/src/training/optimizer.py:35: FutureWarning: suggest_loguniform has been deprecated in v3.0.0. This feature will be removed in v6.0.0. See https://github.com/optuna/optuna/releases/tag/v3.0.0. Use suggest_float(..., log=True) instead.
  learning_rate = trial.suggest_loguniform("learning_rate", 1e-4, 1e-2)
/home/CIN/mpps/paulaperazzo/priv-anon/env/lib/python3.10/site-packages/keras/src/models/functional.py:225: UserWarning: The structure of `inputs` doesn't match the expected structure: ['keras_tensor_920', 'keras_tensor_926', 'keras_tensor_932', 'keras_tensor_938', 'keras_tensor_944', 'keras_tensor_950']. Received: the structure of inputs=('*', '*', '*', '*', '*', '*')
  warnings.warn(
[I 2024-11-04 15:18:36,566] Trial 23 finished with value: 0.6917118430137634 and parameters: {'num_filters1': 16, 'num_filters2': 32, 'dense_units1': 64, 'dense_units2': 128, 'learning_rate': 0.0004922015922433821, 'batch_size': 32}. Best is trial 12 with value: 0.7443841695785522.
/home/CIN/mpps/paulaperazzo/priv-anon/src/training/optimizer.py:35: FutureWarning: suggest_loguniform has been deprecated in v3.0.0. This feature will be removed in v6.0.0. See https://github.com/optuna/optuna/releases/tag/v3.0.0. Use suggest_float(..., log=True) instead.
  learning_rate = trial.suggest_loguniform("learning_rate", 1e-4, 1e-2)
/home/CIN/mpps/paulaperazzo/priv-anon/env/lib/python3.10/site-packages/keras/src/models/functional.py:225: UserWarning: The structure of `inputs` doesn't match the expected structure: ['keras_tensor_960', 'keras_tensor_966', 'keras_tensor_972', 'keras_tensor_978', 'keras_tensor_984', 'keras_tensor_990']. Received: the structure of inputs=('*', '*', '*', '*', '*', '*')
  warnings.warn(
[I 2024-11-04 15:19:33,697] Trial 24 finished with value: 0.6731216311454773 and parameters: {'num_filters1': 16, 'num_filters2': 64, 'dense_units1': 192, 'dense_units2': 96, 'learning_rate': 0.0014840710901850326, 'batch_size': 32}. Best is trial 12 with value: 0.7443841695785522.
/home/CIN/mpps/paulaperazzo/priv-anon/src/training/optimizer.py:35: FutureWarning: suggest_loguniform has been deprecated in v3.0.0. This feature will be removed in v6.0.0. See https://github.com/optuna/optuna/releases/tag/v3.0.0. Use suggest_float(..., log=True) instead.
  learning_rate = trial.suggest_loguniform("learning_rate", 1e-4, 1e-2)
/home/CIN/mpps/paulaperazzo/priv-anon/env/lib/python3.10/site-packages/keras/src/models/functional.py:225: UserWarning: The structure of `inputs` doesn't match the expected structure: ['keras_tensor_1000', 'keras_tensor_1006', 'keras_tensor_1012', 'keras_tensor_1018', 'keras_tensor_1024', 'keras_tensor_1030']. Received: the structure of inputs=('*', '*', '*', '*', '*', '*')
  warnings.warn(
[I 2024-11-04 15:20:13,541] Trial 25 finished with value: 0.7087529301643372 and parameters: {'num_filters1': 32, 'num_filters2': 32, 'dense_units1': 128, 'dense_units2': 128, 'learning_rate': 0.00031761923103400204, 'batch_size': 32}. Best is trial 12 with value: 0.7443841695785522.
/home/CIN/mpps/paulaperazzo/priv-anon/src/training/optimizer.py:35: FutureWarning: suggest_loguniform has been deprecated in v3.0.0. This feature will be removed in v6.0.0. See https://github.com/optuna/optuna/releases/tag/v3.0.0. Use suggest_float(..., log=True) instead.
  learning_rate = trial.suggest_loguniform("learning_rate", 1e-4, 1e-2)
/home/CIN/mpps/paulaperazzo/priv-anon/env/lib/python3.10/site-packages/keras/src/models/functional.py:225: UserWarning: The structure of `inputs` doesn't match the expected structure: ['keras_tensor_1040', 'keras_tensor_1046', 'keras_tensor_1052', 'keras_tensor_1058', 'keras_tensor_1064', 'keras_tensor_1070']. Received: the structure of inputs=('*', '*', '*', '*', '*', '*')
  warnings.warn(
[I 2024-11-04 15:20:39,068] Trial 26 finished with value: 0.6638264656066895 and parameters: {'num_filters1': 16, 'num_filters2': 32, 'dense_units1': 64, 'dense_units2': 96, 'learning_rate': 0.0006358882131939039, 'batch_size': 128}. Best is trial 12 with value: 0.7443841695785522.
/home/CIN/mpps/paulaperazzo/priv-anon/src/training/optimizer.py:35: FutureWarning: suggest_loguniform has been deprecated in v3.0.0. This feature will be removed in v6.0.0. See https://github.com/optuna/optuna/releases/tag/v3.0.0. Use suggest_float(..., log=True) instead.
  learning_rate = trial.suggest_loguniform("learning_rate", 1e-4, 1e-2)
/home/CIN/mpps/paulaperazzo/priv-anon/env/lib/python3.10/site-packages/keras/src/models/functional.py:225: UserWarning: The structure of `inputs` doesn't match the expected structure: ['keras_tensor_1080', 'keras_tensor_1086', 'keras_tensor_1092', 'keras_tensor_1098', 'keras_tensor_1104', 'keras_tensor_1110']. Received: the structure of inputs=('*', '*', '*', '*', '*', '*')
  warnings.warn(
[I 2024-11-04 15:21:22,168] Trial 27 finished with value: 0.669248640537262 and parameters: {'num_filters1': 32, 'num_filters2': 64, 'dense_units1': 64, 'dense_units2': 128, 'learning_rate': 0.0010228724098383967, 'batch_size': 32}. Best is trial 12 with value: 0.7443841695785522.
/home/CIN/mpps/paulaperazzo/priv-anon/src/training/optimizer.py:35: FutureWarning: suggest_loguniform has been deprecated in v3.0.0. This feature will be removed in v6.0.0. See https://github.com/optuna/optuna/releases/tag/v3.0.0. Use suggest_float(..., log=True) instead.
  learning_rate = trial.suggest_loguniform("learning_rate", 1e-4, 1e-2)
/home/CIN/mpps/paulaperazzo/priv-anon/env/lib/python3.10/site-packages/keras/src/models/functional.py:225: UserWarning: The structure of `inputs` doesn't match the expected structure: ['keras_tensor_1120', 'keras_tensor_1126', 'keras_tensor_1132', 'keras_tensor_1138', 'keras_tensor_1144', 'keras_tensor_1150']. Received: the structure of inputs=('*', '*', '*', '*', '*', '*')
  warnings.warn(
[I 2024-11-04 15:22:01,658] Trial 28 finished with value: 0.6971340179443359 and parameters: {'num_filters1': 16, 'num_filters2': 32, 'dense_units1': 128, 'dense_units2': 64, 'learning_rate': 0.00020740429533420464, 'batch_size': 32}. Best is trial 12 with value: 0.7443841695785522.
/home/CIN/mpps/paulaperazzo/priv-anon/src/training/optimizer.py:35: FutureWarning: suggest_loguniform has been deprecated in v3.0.0. This feature will be removed in v6.0.0. See https://github.com/optuna/optuna/releases/tag/v3.0.0. Use suggest_float(..., log=True) instead.
  learning_rate = trial.suggest_loguniform("learning_rate", 1e-4, 1e-2)
/home/CIN/mpps/paulaperazzo/priv-anon/env/lib/python3.10/site-packages/keras/src/models/functional.py:225: UserWarning: The structure of `inputs` doesn't match the expected structure: ['keras_tensor_1160', 'keras_tensor_1166', 'keras_tensor_1172', 'keras_tensor_1178', 'keras_tensor_1184', 'keras_tensor_1190']. Received: the structure of inputs=('*', '*', '*', '*', '*', '*')
  warnings.warn(
[I 2024-11-04 15:23:03,508] Trial 29 finished with value: 0.7110766768455505 and parameters: {'num_filters1': 48, 'num_filters2': 64, 'dense_units1': 64, 'dense_units2': 128, 'learning_rate': 0.00014921225374909616, 'batch_size': 32}. Best is trial 12 with value: 0.7443841695785522.
/home/CIN/mpps/paulaperazzo/priv-anon/src/training/optimizer.py:35: FutureWarning: suggest_loguniform has been deprecated in v3.0.0. This feature will be removed in v6.0.0. See https://github.com/optuna/optuna/releases/tag/v3.0.0. Use suggest_float(..., log=True) instead.
  learning_rate = trial.suggest_loguniform("learning_rate", 1e-4, 1e-2)
/home/CIN/mpps/paulaperazzo/priv-anon/env/lib/python3.10/site-packages/keras/src/models/functional.py:225: UserWarning: The structure of `inputs` doesn't match the expected structure: ['keras_tensor_1200', 'keras_tensor_1206', 'keras_tensor_1212', 'keras_tensor_1218', 'keras_tensor_1224', 'keras_tensor_1230']. Received: the structure of inputs=('*', '*', '*', '*', '*', '*')
  warnings.warn(
[I 2024-11-04 15:23:38,461] Trial 30 finished with value: 0.6630519032478333 and parameters: {'num_filters1': 16, 'num_filters2': 32, 'dense_units1': 192, 'dense_units2': 96, 'learning_rate': 0.00011655821104181824, 'batch_size': 128}. Best is trial 12 with value: 0.7443841695785522.
/home/CIN/mpps/paulaperazzo/priv-anon/src/training/optimizer.py:35: FutureWarning: suggest_loguniform has been deprecated in v3.0.0. This feature will be removed in v6.0.0. See https://github.com/optuna/optuna/releases/tag/v3.0.0. Use suggest_float(..., log=True) instead.
  learning_rate = trial.suggest_loguniform("learning_rate", 1e-4, 1e-2)
/home/CIN/mpps/paulaperazzo/priv-anon/env/lib/python3.10/site-packages/keras/src/models/functional.py:225: UserWarning: The structure of `inputs` doesn't match the expected structure: ['keras_tensor_1240', 'keras_tensor_1246', 'keras_tensor_1252', 'keras_tensor_1258', 'keras_tensor_1264', 'keras_tensor_1270']. Received: the structure of inputs=('*', '*', '*', '*', '*', '*')
  warnings.warn(
[I 2024-11-04 15:24:03,504] Trial 31 finished with value: 0.7048799395561218 and parameters: {'num_filters1': 16, 'num_filters2': 32, 'dense_units1': 64, 'dense_units2': 128, 'learning_rate': 0.0003904217702901118, 'batch_size': 32}. Best is trial 12 with value: 0.7443841695785522.
/home/CIN/mpps/paulaperazzo/priv-anon/src/training/optimizer.py:35: FutureWarning: suggest_loguniform has been deprecated in v3.0.0. This feature will be removed in v6.0.0. See https://github.com/optuna/optuna/releases/tag/v3.0.0. Use suggest_float(..., log=True) instead.
  learning_rate = trial.suggest_loguniform("learning_rate", 1e-4, 1e-2)
/home/CIN/mpps/paulaperazzo/priv-anon/env/lib/python3.10/site-packages/keras/src/models/functional.py:225: UserWarning: The structure of `inputs` doesn't match the expected structure: ['keras_tensor_1280', 'keras_tensor_1286', 'keras_tensor_1292', 'keras_tensor_1298', 'keras_tensor_1304', 'keras_tensor_1310']. Received: the structure of inputs=('*', '*', '*', '*', '*', '*')
  warnings.warn(
[I 2024-11-04 15:24:29,791] Trial 32 finished with value: 0.7304415106773376 and parameters: {'num_filters1': 16, 'num_filters2': 32, 'dense_units1': 64, 'dense_units2': 128, 'learning_rate': 0.0003455351340620884, 'batch_size': 32}. Best is trial 12 with value: 0.7443841695785522.
/home/CIN/mpps/paulaperazzo/priv-anon/src/training/optimizer.py:35: FutureWarning: suggest_loguniform has been deprecated in v3.0.0. This feature will be removed in v6.0.0. See https://github.com/optuna/optuna/releases/tag/v3.0.0. Use suggest_float(..., log=True) instead.
  learning_rate = trial.suggest_loguniform("learning_rate", 1e-4, 1e-2)
/home/CIN/mpps/paulaperazzo/priv-anon/env/lib/python3.10/site-packages/keras/src/models/functional.py:225: UserWarning: The structure of `inputs` doesn't match the expected structure: ['keras_tensor_1320', 'keras_tensor_1326', 'keras_tensor_1332', 'keras_tensor_1338', 'keras_tensor_1344', 'keras_tensor_1350']. Received: the structure of inputs=('*', '*', '*', '*', '*', '*')
  warnings.warn(
[I 2024-11-04 15:24:58,442] Trial 33 finished with value: 0.7350890636444092 and parameters: {'num_filters1': 16, 'num_filters2': 32, 'dense_units1': 64, 'dense_units2': 128, 'learning_rate': 0.0002428788162571692, 'batch_size': 32}. Best is trial 12 with value: 0.7443841695785522.
/home/CIN/mpps/paulaperazzo/priv-anon/src/training/optimizer.py:35: FutureWarning: suggest_loguniform has been deprecated in v3.0.0. This feature will be removed in v6.0.0. See https://github.com/optuna/optuna/releases/tag/v3.0.0. Use suggest_float(..., log=True) instead.
  learning_rate = trial.suggest_loguniform("learning_rate", 1e-4, 1e-2)
/home/CIN/mpps/paulaperazzo/priv-anon/env/lib/python3.10/site-packages/keras/src/models/functional.py:225: UserWarning: The structure of `inputs` doesn't match the expected structure: ['keras_tensor_1360', 'keras_tensor_1366', 'keras_tensor_1372', 'keras_tensor_1378', 'keras_tensor_1384', 'keras_tensor_1390']. Received: the structure of inputs=('*', '*', '*', '*', '*', '*')
  warnings.warn(
[I 2024-11-04 15:25:41,136] Trial 34 finished with value: 0.6700232625007629 and parameters: {'num_filters1': 16, 'num_filters2': 64, 'dense_units1': 64, 'dense_units2': 128, 'learning_rate': 0.00021934082901326737, 'batch_size': 32}. Best is trial 12 with value: 0.7443841695785522.
/home/CIN/mpps/paulaperazzo/priv-anon/src/training/optimizer.py:35: FutureWarning: suggest_loguniform has been deprecated in v3.0.0. This feature will be removed in v6.0.0. See https://github.com/optuna/optuna/releases/tag/v3.0.0. Use suggest_float(..., log=True) instead.
  learning_rate = trial.suggest_loguniform("learning_rate", 1e-4, 1e-2)
/home/CIN/mpps/paulaperazzo/priv-anon/env/lib/python3.10/site-packages/keras/src/models/functional.py:225: UserWarning: The structure of `inputs` doesn't match the expected structure: ['keras_tensor_1400', 'keras_tensor_1406', 'keras_tensor_1412', 'keras_tensor_1418', 'keras_tensor_1424', 'keras_tensor_1430']. Received: the structure of inputs=('*', '*', '*', '*', '*', '*')
  warnings.warn(
[I 2024-11-04 15:26:14,324] Trial 35 finished with value: 0.6483346223831177 and parameters: {'num_filters1': 32, 'num_filters2': 32, 'dense_units1': 64, 'dense_units2': 96, 'learning_rate': 0.00013955198208943781, 'batch_size': 128}. Best is trial 12 with value: 0.7443841695785522.
/home/CIN/mpps/paulaperazzo/priv-anon/src/training/optimizer.py:35: FutureWarning: suggest_loguniform has been deprecated in v3.0.0. This feature will be removed in v6.0.0. See https://github.com/optuna/optuna/releases/tag/v3.0.0. Use suggest_float(..., log=True) instead.
  learning_rate = trial.suggest_loguniform("learning_rate", 1e-4, 1e-2)
/home/CIN/mpps/paulaperazzo/priv-anon/env/lib/python3.10/site-packages/keras/src/models/functional.py:225: UserWarning: The structure of `inputs` doesn't match the expected structure: ['keras_tensor_1440', 'keras_tensor_1446', 'keras_tensor_1452', 'keras_tensor_1458', 'keras_tensor_1464', 'keras_tensor_1470']. Received: the structure of inputs=('*', '*', '*', '*', '*', '*')
  warnings.warn(
[I 2024-11-04 15:27:06,254] Trial 36 finished with value: 0.7529047131538391 and parameters: {'num_filters1': 48, 'num_filters2': 32, 'dense_units1': 128, 'dense_units2': 128, 'learning_rate': 0.00022143641177408308, 'batch_size': 32}. Best is trial 36 with value: 0.7529047131538391.
/home/CIN/mpps/paulaperazzo/priv-anon/src/training/optimizer.py:35: FutureWarning: suggest_loguniform has been deprecated in v3.0.0. This feature will be removed in v6.0.0. See https://github.com/optuna/optuna/releases/tag/v3.0.0. Use suggest_float(..., log=True) instead.
  learning_rate = trial.suggest_loguniform("learning_rate", 1e-4, 1e-2)
/home/CIN/mpps/paulaperazzo/priv-anon/env/lib/python3.10/site-packages/keras/src/models/functional.py:225: UserWarning: The structure of `inputs` doesn't match the expected structure: ['keras_tensor_1480', 'keras_tensor_1486', 'keras_tensor_1492', 'keras_tensor_1498', 'keras_tensor_1504', 'keras_tensor_1510']. Received: the structure of inputs=('*', '*', '*', '*', '*', '*')
  warnings.warn(
[I 2024-11-04 15:28:25,088] Trial 37 finished with value: 0.7017815709114075 and parameters: {'num_filters1': 48, 'num_filters2': 96, 'dense_units1': 64, 'dense_units2': 96, 'learning_rate': 0.00013460894311679078, 'batch_size': 32}. Best is trial 36 with value: 0.7529047131538391.
/home/CIN/mpps/paulaperazzo/priv-anon/src/training/optimizer.py:35: FutureWarning: suggest_loguniform has been deprecated in v3.0.0. This feature will be removed in v6.0.0. See https://github.com/optuna/optuna/releases/tag/v3.0.0. Use suggest_float(..., log=True) instead.
  learning_rate = trial.suggest_loguniform("learning_rate", 1e-4, 1e-2)
/home/CIN/mpps/paulaperazzo/priv-anon/env/lib/python3.10/site-packages/keras/src/models/functional.py:225: UserWarning: The structure of `inputs` doesn't match the expected structure: ['keras_tensor_1520', 'keras_tensor_1526', 'keras_tensor_1532', 'keras_tensor_1538', 'keras_tensor_1544', 'keras_tensor_1550']. Received: the structure of inputs=('*', '*', '*', '*', '*', '*')
  warnings.warn(
[I 2024-11-04 15:29:37,646] Trial 38 finished with value: 0.6986832022666931 and parameters: {'num_filters1': 64, 'num_filters2': 32, 'dense_units1': 256, 'dense_units2': 128, 'learning_rate': 0.00021567830696006868, 'batch_size': 128}. Best is trial 36 with value: 0.7529047131538391.
/home/CIN/mpps/paulaperazzo/priv-anon/src/training/optimizer.py:35: FutureWarning: suggest_loguniform has been deprecated in v3.0.0. This feature will be removed in v6.0.0. See https://github.com/optuna/optuna/releases/tag/v3.0.0. Use suggest_float(..., log=True) instead.
  learning_rate = trial.suggest_loguniform("learning_rate", 1e-4, 1e-2)
/home/CIN/mpps/paulaperazzo/priv-anon/env/lib/python3.10/site-packages/keras/src/models/functional.py:225: UserWarning: The structure of `inputs` doesn't match the expected structure: ['keras_tensor_1560', 'keras_tensor_1566', 'keras_tensor_1572', 'keras_tensor_1578', 'keras_tensor_1584', 'keras_tensor_1590']. Received: the structure of inputs=('*', '*', '*', '*', '*', '*')
  warnings.warn(
[I 2024-11-04 15:30:32,677] Trial 39 finished with value: 0.5313710570335388 and parameters: {'num_filters1': 48, 'num_filters2': 64, 'dense_units1': 128, 'dense_units2': 96, 'learning_rate': 0.003906575516403326, 'batch_size': 64}. Best is trial 36 with value: 0.7529047131538391.
/home/CIN/mpps/paulaperazzo/priv-anon/src/training/optimizer.py:35: FutureWarning: suggest_loguniform has been deprecated in v3.0.0. This feature will be removed in v6.0.0. See https://github.com/optuna/optuna/releases/tag/v3.0.0. Use suggest_float(..., log=True) instead.
  learning_rate = trial.suggest_loguniform("learning_rate", 1e-4, 1e-2)
/home/CIN/mpps/paulaperazzo/priv-anon/env/lib/python3.10/site-packages/keras/src/models/functional.py:225: UserWarning: The structure of `inputs` doesn't match the expected structure: ['keras_tensor_1600', 'keras_tensor_1606', 'keras_tensor_1612', 'keras_tensor_1618', 'keras_tensor_1624', 'keras_tensor_1630']. Received: the structure of inputs=('*', '*', '*', '*', '*', '*')
  warnings.warn(
