2024-10-28 11:38:39.572434: I tensorflow/core/util/port.cc:153] oneDNN custom operations are on. You may see slightly different numerical results due to floating-point round-off errors from different computation orders. To turn them off, set the environment variable `TF_ENABLE_ONEDNN_OPTS=0`.
2024-10-28 11:38:39.573191: I external/local_xla/xla/tsl/cuda/cudart_stub.cc:32] Could not find cuda drivers on your machine, GPU will not be used.
2024-10-28 11:38:39.577613: I external/local_xla/xla/tsl/cuda/cudart_stub.cc:32] Could not find cuda drivers on your machine, GPU will not be used.
2024-10-28 11:38:39.590245: E external/local_xla/xla/stream_executor/cuda/cuda_fft.cc:477] Unable to register cuFFT factory: Attempting to register factory for plugin cuFFT when one has already been registered
WARNING: All log messages before absl::InitializeLog() is called are written to STDERR
E0000 00:00:1730126319.611229  178658 cuda_dnn.cc:8310] Unable to register cuDNN factory: Attempting to register factory for plugin cuDNN when one has already been registered
E0000 00:00:1730126319.617199  178658 cuda_blas.cc:1418] Unable to register cuBLAS factory: Attempting to register factory for plugin cuBLAS when one has already been registered
2024-10-28 11:38:39.670935: I tensorflow/core/platform/cpu_feature_guard.cc:210] This TensorFlow binary is optimized to use available CPU instructions in performance-critical operations.
To enable the following instructions: AVX2 AVX512F AVX512_VNNI FMA, in other operations, rebuild TensorFlow with the appropriate compiler flags.
[I 2024-10-28 11:38:50,085] A new study created in memory with name: no-name-0b987072-b2f6-4e5f-adf0-93278ad790d6
/home/CIN/mpps/paulaperazzo/priv-anon/src/training/optimizer.py:32: FutureWarning: suggest_loguniform has been deprecated in v3.0.0. This feature will be removed in v6.0.0. See https://github.com/optuna/optuna/releases/tag/v3.0.0. Use suggest_float(..., log=True) instead.
  learning_rate = trial.suggest_loguniform("learning_rate", 1e-4, 1e-2)
W0000 00:00:1730126336.583406  178658 gpu_device.cc:2344] Cannot dlopen some GPU libraries. Please make sure the missing libraries mentioned above are installed properly if you would like to use GPU. Follow the guide at https://www.tensorflow.org/install/gpu for how to download and setup the required libraries for your platform.
Skipping registering GPU devices...
/home/CIN/mpps/paulaperazzo/priv-anon/env/lib/python3.10/site-packages/keras/src/models/functional.py:225: UserWarning: The structure of `inputs` doesn't match the expected structure: ['keras_tensor', 'keras_tensor_6', 'keras_tensor_12', 'keras_tensor_18', 'keras_tensor_24', 'keras_tensor_30']. Received: the structure of inputs=('*', '*', '*', '*', '*', '*')
  warnings.warn(
[I 2024-10-28 11:39:21,553] Trial 0 finished with value: 0.870642900466919 and parameters: {'num_filters1': 16, 'num_filters2': 128, 'dense_units1': 128, 'dense_units2': 32, 'learning_rate': 0.005623738881729266, 'batch_size': 128}. Best is trial 0 with value: 0.870642900466919.
/home/CIN/mpps/paulaperazzo/priv-anon/src/training/optimizer.py:32: FutureWarning: suggest_loguniform has been deprecated in v3.0.0. This feature will be removed in v6.0.0. See https://github.com/optuna/optuna/releases/tag/v3.0.0. Use suggest_float(..., log=True) instead.
  learning_rate = trial.suggest_loguniform("learning_rate", 1e-4, 1e-2)
/home/CIN/mpps/paulaperazzo/priv-anon/env/lib/python3.10/site-packages/keras/src/models/functional.py:225: UserWarning: The structure of `inputs` doesn't match the expected structure: ['keras_tensor_40', 'keras_tensor_46', 'keras_tensor_52', 'keras_tensor_58', 'keras_tensor_64', 'keras_tensor_70']. Received: the structure of inputs=('*', '*', '*', '*', '*', '*')
  warnings.warn(
[I 2024-10-28 11:39:52,292] Trial 1 finished with value: 0.8993028402328491 and parameters: {'num_filters1': 64, 'num_filters2': 96, 'dense_units1': 64, 'dense_units2': 96, 'learning_rate': 0.0005873598473452538, 'batch_size': 64}. Best is trial 1 with value: 0.8993028402328491.
/home/CIN/mpps/paulaperazzo/priv-anon/src/training/optimizer.py:32: FutureWarning: suggest_loguniform has been deprecated in v3.0.0. This feature will be removed in v6.0.0. See https://github.com/optuna/optuna/releases/tag/v3.0.0. Use suggest_float(..., log=True) instead.
  learning_rate = trial.suggest_loguniform("learning_rate", 1e-4, 1e-2)
/home/CIN/mpps/paulaperazzo/priv-anon/env/lib/python3.10/site-packages/keras/src/models/functional.py:225: UserWarning: The structure of `inputs` doesn't match the expected structure: ['keras_tensor_80', 'keras_tensor_86', 'keras_tensor_92', 'keras_tensor_98', 'keras_tensor_104', 'keras_tensor_110']. Received: the structure of inputs=('*', '*', '*', '*', '*', '*')
  warnings.warn(
[I 2024-10-28 11:40:25,172] Trial 2 finished with value: 0.8202943205833435 and parameters: {'num_filters1': 64, 'num_filters2': 64, 'dense_units1': 64, 'dense_units2': 64, 'learning_rate': 0.007931068241717099, 'batch_size': 64}. Best is trial 1 with value: 0.8993028402328491.
/home/CIN/mpps/paulaperazzo/priv-anon/src/training/optimizer.py:32: FutureWarning: suggest_loguniform has been deprecated in v3.0.0. This feature will be removed in v6.0.0. See https://github.com/optuna/optuna/releases/tag/v3.0.0. Use suggest_float(..., log=True) instead.
  learning_rate = trial.suggest_loguniform("learning_rate", 1e-4, 1e-2)
/home/CIN/mpps/paulaperazzo/priv-anon/env/lib/python3.10/site-packages/keras/src/models/functional.py:225: UserWarning: The structure of `inputs` doesn't match the expected structure: ['keras_tensor_120', 'keras_tensor_126', 'keras_tensor_132', 'keras_tensor_138', 'keras_tensor_144', 'keras_tensor_150']. Received: the structure of inputs=('*', '*', '*', '*', '*', '*')
  warnings.warn(
[I 2024-10-28 11:40:55,340] Trial 3 finished with value: 0.907823383808136 and parameters: {'num_filters1': 32, 'num_filters2': 64, 'dense_units1': 64, 'dense_units2': 96, 'learning_rate': 0.00019823994019540833, 'batch_size': 64}. Best is trial 3 with value: 0.907823383808136.
/home/CIN/mpps/paulaperazzo/priv-anon/src/training/optimizer.py:32: FutureWarning: suggest_loguniform has been deprecated in v3.0.0. This feature will be removed in v6.0.0. See https://github.com/optuna/optuna/releases/tag/v3.0.0. Use suggest_float(..., log=True) instead.
  learning_rate = trial.suggest_loguniform("learning_rate", 1e-4, 1e-2)
/home/CIN/mpps/paulaperazzo/priv-anon/env/lib/python3.10/site-packages/keras/src/models/functional.py:225: UserWarning: The structure of `inputs` doesn't match the expected structure: ['keras_tensor_160', 'keras_tensor_166', 'keras_tensor_172', 'keras_tensor_178', 'keras_tensor_184', 'keras_tensor_190']. Received: the structure of inputs=('*', '*', '*', '*', '*', '*')
  warnings.warn(
[I 2024-10-28 11:41:53,708] Trial 4 finished with value: 0.8938807249069214 and parameters: {'num_filters1': 64, 'num_filters2': 96, 'dense_units1': 64, 'dense_units2': 96, 'learning_rate': 0.00013227791153921505, 'batch_size': 128}. Best is trial 3 with value: 0.907823383808136.
/home/CIN/mpps/paulaperazzo/priv-anon/src/training/optimizer.py:32: FutureWarning: suggest_loguniform has been deprecated in v3.0.0. This feature will be removed in v6.0.0. See https://github.com/optuna/optuna/releases/tag/v3.0.0. Use suggest_float(..., log=True) instead.
  learning_rate = trial.suggest_loguniform("learning_rate", 1e-4, 1e-2)
/home/CIN/mpps/paulaperazzo/priv-anon/env/lib/python3.10/site-packages/keras/src/models/functional.py:225: UserWarning: The structure of `inputs` doesn't match the expected structure: ['keras_tensor_200', 'keras_tensor_206', 'keras_tensor_212', 'keras_tensor_218', 'keras_tensor_224', 'keras_tensor_230']. Received: the structure of inputs=('*', '*', '*', '*', '*', '*')
  warnings.warn(
[I 2024-10-28 11:42:17,643] Trial 5 finished with value: 0.8737412691116333 and parameters: {'num_filters1': 16, 'num_filters2': 96, 'dense_units1': 192, 'dense_units2': 128, 'learning_rate': 0.001604000181953111, 'batch_size': 128}. Best is trial 3 with value: 0.907823383808136.
/home/CIN/mpps/paulaperazzo/priv-anon/src/training/optimizer.py:32: FutureWarning: suggest_loguniform has been deprecated in v3.0.0. This feature will be removed in v6.0.0. See https://github.com/optuna/optuna/releases/tag/v3.0.0. Use suggest_float(..., log=True) instead.
  learning_rate = trial.suggest_loguniform("learning_rate", 1e-4, 1e-2)
/home/CIN/mpps/paulaperazzo/priv-anon/env/lib/python3.10/site-packages/keras/src/models/functional.py:225: UserWarning: The structure of `inputs` doesn't match the expected structure: ['keras_tensor_240', 'keras_tensor_246', 'keras_tensor_252', 'keras_tensor_258', 'keras_tensor_264', 'keras_tensor_270']. Received: the structure of inputs=('*', '*', '*', '*', '*', '*')
  warnings.warn(
[I 2024-10-28 11:42:34,432] Trial 6 finished with value: 0.8675445318222046 and parameters: {'num_filters1': 16, 'num_filters2': 32, 'dense_units1': 192, 'dense_units2': 64, 'learning_rate': 0.0018240815582563415, 'batch_size': 128}. Best is trial 3 with value: 0.907823383808136.
/home/CIN/mpps/paulaperazzo/priv-anon/src/training/optimizer.py:32: FutureWarning: suggest_loguniform has been deprecated in v3.0.0. This feature will be removed in v6.0.0. See https://github.com/optuna/optuna/releases/tag/v3.0.0. Use suggest_float(..., log=True) instead.
  learning_rate = trial.suggest_loguniform("learning_rate", 1e-4, 1e-2)
/home/CIN/mpps/paulaperazzo/priv-anon/env/lib/python3.10/site-packages/keras/src/models/functional.py:225: UserWarning: The structure of `inputs` doesn't match the expected structure: ['keras_tensor_280', 'keras_tensor_286', 'keras_tensor_292', 'keras_tensor_298', 'keras_tensor_304', 'keras_tensor_310']. Received: the structure of inputs=('*', '*', '*', '*', '*', '*')
  warnings.warn(
[I 2024-10-28 11:43:04,029] Trial 7 finished with value: 0.879938006401062 and parameters: {'num_filters1': 32, 'num_filters2': 64, 'dense_units1': 192, 'dense_units2': 64, 'learning_rate': 0.00045049989884705417, 'batch_size': 128}. Best is trial 3 with value: 0.907823383808136.
/home/CIN/mpps/paulaperazzo/priv-anon/src/training/optimizer.py:32: FutureWarning: suggest_loguniform has been deprecated in v3.0.0. This feature will be removed in v6.0.0. See https://github.com/optuna/optuna/releases/tag/v3.0.0. Use suggest_float(..., log=True) instead.
  learning_rate = trial.suggest_loguniform("learning_rate", 1e-4, 1e-2)
/home/CIN/mpps/paulaperazzo/priv-anon/env/lib/python3.10/site-packages/keras/src/models/functional.py:225: UserWarning: The structure of `inputs` doesn't match the expected structure: ['keras_tensor_320', 'keras_tensor_326', 'keras_tensor_332', 'keras_tensor_338', 'keras_tensor_344', 'keras_tensor_350']. Received: the structure of inputs=('*', '*', '*', '*', '*', '*')
  warnings.warn(
[I 2024-10-28 11:43:30,466] Trial 8 finished with value: 0.8830364346504211 and parameters: {'num_filters1': 48, 'num_filters2': 32, 'dense_units1': 192, 'dense_units2': 128, 'learning_rate': 0.0033164958768479216, 'batch_size': 32}. Best is trial 3 with value: 0.907823383808136.
/home/CIN/mpps/paulaperazzo/priv-anon/src/training/optimizer.py:32: FutureWarning: suggest_loguniform has been deprecated in v3.0.0. This feature will be removed in v6.0.0. See https://github.com/optuna/optuna/releases/tag/v3.0.0. Use suggest_float(..., log=True) instead.
  learning_rate = trial.suggest_loguniform("learning_rate", 1e-4, 1e-2)
/home/CIN/mpps/paulaperazzo/priv-anon/env/lib/python3.10/site-packages/keras/src/models/functional.py:225: UserWarning: The structure of `inputs` doesn't match the expected structure: ['keras_tensor_360', 'keras_tensor_366', 'keras_tensor_372', 'keras_tensor_378', 'keras_tensor_384', 'keras_tensor_390']. Received: the structure of inputs=('*', '*', '*', '*', '*', '*')
  warnings.warn(
[I 2024-10-28 11:44:18,509] Trial 9 finished with value: 0.8698683381080627 and parameters: {'num_filters1': 32, 'num_filters2': 128, 'dense_units1': 128, 'dense_units2': 96, 'learning_rate': 0.00025918074207952367, 'batch_size': 128}. Best is trial 3 with value: 0.907823383808136.
/home/CIN/mpps/paulaperazzo/priv-anon/src/training/optimizer.py:32: FutureWarning: suggest_loguniform has been deprecated in v3.0.0. This feature will be removed in v6.0.0. See https://github.com/optuna/optuna/releases/tag/v3.0.0. Use suggest_float(..., log=True) instead.
  learning_rate = trial.suggest_loguniform("learning_rate", 1e-4, 1e-2)
/home/CIN/mpps/paulaperazzo/priv-anon/env/lib/python3.10/site-packages/keras/src/models/functional.py:225: UserWarning: The structure of `inputs` doesn't match the expected structure: ['keras_tensor_400', 'keras_tensor_406', 'keras_tensor_412', 'keras_tensor_418', 'keras_tensor_424', 'keras_tensor_430']. Received: the structure of inputs=('*', '*', '*', '*', '*', '*')
  warnings.warn(
[I 2024-10-28 11:45:04,776] Trial 10 finished with value: 0.8745158910751343 and parameters: {'num_filters1': 48, 'num_filters2': 64, 'dense_units1': 256, 'dense_units2': 32, 'learning_rate': 0.00013434064490705714, 'batch_size': 64}. Best is trial 3 with value: 0.907823383808136.
/home/CIN/mpps/paulaperazzo/priv-anon/src/training/optimizer.py:32: FutureWarning: suggest_loguniform has been deprecated in v3.0.0. This feature will be removed in v6.0.0. See https://github.com/optuna/optuna/releases/tag/v3.0.0. Use suggest_float(..., log=True) instead.
  learning_rate = trial.suggest_loguniform("learning_rate", 1e-4, 1e-2)
/home/CIN/mpps/paulaperazzo/priv-anon/env/lib/python3.10/site-packages/keras/src/models/functional.py:225: UserWarning: The structure of `inputs` doesn't match the expected structure: ['keras_tensor_440', 'keras_tensor_446', 'keras_tensor_452', 'keras_tensor_458', 'keras_tensor_464', 'keras_tensor_470']. Received: the structure of inputs=('*', '*', '*', '*', '*', '*')
  warnings.warn(
[I 2024-10-28 11:45:33,796] Trial 11 finished with value: 0.8876839876174927 and parameters: {'num_filters1': 48, 'num_filters2': 96, 'dense_units1': 64, 'dense_units2': 96, 'learning_rate': 0.0005791698335147818, 'batch_size': 64}. Best is trial 3 with value: 0.907823383808136.
/home/CIN/mpps/paulaperazzo/priv-anon/src/training/optimizer.py:32: FutureWarning: suggest_loguniform has been deprecated in v3.0.0. This feature will be removed in v6.0.0. See https://github.com/optuna/optuna/releases/tag/v3.0.0. Use suggest_float(..., log=True) instead.
  learning_rate = trial.suggest_loguniform("learning_rate", 1e-4, 1e-2)
/home/CIN/mpps/paulaperazzo/priv-anon/env/lib/python3.10/site-packages/keras/src/models/functional.py:225: UserWarning: The structure of `inputs` doesn't match the expected structure: ['keras_tensor_480', 'keras_tensor_486', 'keras_tensor_492', 'keras_tensor_498', 'keras_tensor_504', 'keras_tensor_510']. Received: the structure of inputs=('*', '*', '*', '*', '*', '*')
  warnings.warn(
[I 2024-10-28 11:46:05,921] Trial 12 finished with value: 0.8838109970092773 and parameters: {'num_filters1': 32, 'num_filters2': 96, 'dense_units1': 64, 'dense_units2': 96, 'learning_rate': 0.0003085150541841606, 'batch_size': 64}. Best is trial 3 with value: 0.907823383808136.
/home/CIN/mpps/paulaperazzo/priv-anon/src/training/optimizer.py:32: FutureWarning: suggest_loguniform has been deprecated in v3.0.0. This feature will be removed in v6.0.0. See https://github.com/optuna/optuna/releases/tag/v3.0.0. Use suggest_float(..., log=True) instead.
  learning_rate = trial.suggest_loguniform("learning_rate", 1e-4, 1e-2)
/home/CIN/mpps/paulaperazzo/priv-anon/env/lib/python3.10/site-packages/keras/src/models/functional.py:225: UserWarning: The structure of `inputs` doesn't match the expected structure: ['keras_tensor_520', 'keras_tensor_526', 'keras_tensor_532', 'keras_tensor_538', 'keras_tensor_544', 'keras_tensor_550']. Received: the structure of inputs=('*', '*', '*', '*', '*', '*')
  warnings.warn(
[I 2024-10-28 11:46:33,226] Trial 13 finished with value: 0.9016266465187073 and parameters: {'num_filters1': 64, 'num_filters2': 64, 'dense_units1': 128, 'dense_units2': 128, 'learning_rate': 0.0008830387942067671, 'batch_size': 64}. Best is trial 3 with value: 0.907823383808136.
/home/CIN/mpps/paulaperazzo/priv-anon/src/training/optimizer.py:32: FutureWarning: suggest_loguniform has been deprecated in v3.0.0. This feature will be removed in v6.0.0. See https://github.com/optuna/optuna/releases/tag/v3.0.0. Use suggest_float(..., log=True) instead.
  learning_rate = trial.suggest_loguniform("learning_rate", 1e-4, 1e-2)
/home/CIN/mpps/paulaperazzo/priv-anon/env/lib/python3.10/site-packages/keras/src/models/functional.py:225: UserWarning: The structure of `inputs` doesn't match the expected structure: ['keras_tensor_560', 'keras_tensor_566', 'keras_tensor_572', 'keras_tensor_578', 'keras_tensor_584', 'keras_tensor_590']. Received: the structure of inputs=('*', '*', '*', '*', '*', '*')
  warnings.warn(
[I 2024-10-28 11:46:53,746] Trial 14 finished with value: 0.8652207851409912 and parameters: {'num_filters1': 48, 'num_filters2': 32, 'dense_units1': 128, 'dense_units2': 128, 'learning_rate': 0.0010178638071810593, 'batch_size': 32}. Best is trial 3 with value: 0.907823383808136.
/home/CIN/mpps/paulaperazzo/priv-anon/src/training/optimizer.py:32: FutureWarning: suggest_loguniform has been deprecated in v3.0.0. This feature will be removed in v6.0.0. See https://github.com/optuna/optuna/releases/tag/v3.0.0. Use suggest_float(..., log=True) instead.
  learning_rate = trial.suggest_loguniform("learning_rate", 1e-4, 1e-2)
/home/CIN/mpps/paulaperazzo/priv-anon/env/lib/python3.10/site-packages/keras/src/models/functional.py:225: UserWarning: The structure of `inputs` doesn't match the expected structure: ['keras_tensor_600', 'keras_tensor_606', 'keras_tensor_612', 'keras_tensor_618', 'keras_tensor_624', 'keras_tensor_630']. Received: the structure of inputs=('*', '*', '*', '*', '*', '*')
  warnings.warn(
[I 2024-10-28 11:47:35,299] Trial 15 finished with value: 0.9024012684822083 and parameters: {'num_filters1': 32, 'num_filters2': 64, 'dense_units1': 128, 'dense_units2': 128, 'learning_rate': 0.0002050831615438889, 'batch_size': 64}. Best is trial 3 with value: 0.907823383808136.
/home/CIN/mpps/paulaperazzo/priv-anon/src/training/optimizer.py:32: FutureWarning: suggest_loguniform has been deprecated in v3.0.0. This feature will be removed in v6.0.0. See https://github.com/optuna/optuna/releases/tag/v3.0.0. Use suggest_float(..., log=True) instead.
  learning_rate = trial.suggest_loguniform("learning_rate", 1e-4, 1e-2)
/home/CIN/mpps/paulaperazzo/priv-anon/env/lib/python3.10/site-packages/keras/src/models/functional.py:225: UserWarning: The structure of `inputs` doesn't match the expected structure: ['keras_tensor_640', 'keras_tensor_646', 'keras_tensor_652', 'keras_tensor_658', 'keras_tensor_664', 'keras_tensor_670']. Received: the structure of inputs=('*', '*', '*', '*', '*', '*')
  warnings.warn(
[I 2024-10-28 11:48:10,648] Trial 16 finished with value: 0.8853601813316345 and parameters: {'num_filters1': 32, 'num_filters2': 64, 'dense_units1': 128, 'dense_units2': 128, 'learning_rate': 0.00019335404785019241, 'batch_size': 64}. Best is trial 3 with value: 0.907823383808136.
/home/CIN/mpps/paulaperazzo/priv-anon/src/training/optimizer.py:32: FutureWarning: suggest_loguniform has been deprecated in v3.0.0. This feature will be removed in v6.0.0. See https://github.com/optuna/optuna/releases/tag/v3.0.0. Use suggest_float(..., log=True) instead.
  learning_rate = trial.suggest_loguniform("learning_rate", 1e-4, 1e-2)
/home/CIN/mpps/paulaperazzo/priv-anon/env/lib/python3.10/site-packages/keras/src/models/functional.py:225: UserWarning: The structure of `inputs` doesn't match the expected structure: ['keras_tensor_680', 'keras_tensor_686', 'keras_tensor_692', 'keras_tensor_698', 'keras_tensor_704', 'keras_tensor_710']. Received: the structure of inputs=('*', '*', '*', '*', '*', '*')
  warnings.warn(
[I 2024-10-28 11:48:43,946] Trial 17 finished with value: 0.8861348032951355 and parameters: {'num_filters1': 32, 'num_filters2': 32, 'dense_units1': 256, 'dense_units2': 128, 'learning_rate': 0.0001025374478320018, 'batch_size': 64}. Best is trial 3 with value: 0.907823383808136.
/home/CIN/mpps/paulaperazzo/priv-anon/src/training/optimizer.py:32: FutureWarning: suggest_loguniform has been deprecated in v3.0.0. This feature will be removed in v6.0.0. See https://github.com/optuna/optuna/releases/tag/v3.0.0. Use suggest_float(..., log=True) instead.
  learning_rate = trial.suggest_loguniform("learning_rate", 1e-4, 1e-2)
/home/CIN/mpps/paulaperazzo/priv-anon/env/lib/python3.10/site-packages/keras/src/models/functional.py:225: UserWarning: The structure of `inputs` doesn't match the expected structure: ['keras_tensor_720', 'keras_tensor_726', 'keras_tensor_732', 'keras_tensor_738', 'keras_tensor_744', 'keras_tensor_750']. Received: the structure of inputs=('*', '*', '*', '*', '*', '*')
  warnings.warn(
