[I 2024-10-28 12:00:35,692] Trial 39 finished with value: 0.890007734298706 and parameters: {'num_filters1': 16, 'num_filters2': 96, 'dense_units1': 64, 'dense_units2': 64, 'learning_rate': 0.0007149948324594568, 'batch_size': 128}. Best is trial 3 with value: 0.907823383808136.
/home/CIN/mpps/paulaperazzo/priv-anon/src/training/optimizer.py:32: FutureWarning: suggest_loguniform has been deprecated in v3.0.0. This feature will be removed in v6.0.0. See https://github.com/optuna/optuna/releases/tag/v3.0.0. Use suggest_float(..., log=True) instead.
  learning_rate = trial.suggest_loguniform("learning_rate", 1e-4, 1e-2)
/home/CIN/mpps/paulaperazzo/priv-anon/env/lib/python3.10/site-packages/keras/src/models/functional.py:225: UserWarning: The structure of `inputs` doesn't match the expected structure: ['keras_tensor_1600', 'keras_tensor_1606', 'keras_tensor_1612', 'keras_tensor_1618', 'keras_tensor_1624', 'keras_tensor_1630']. Received: the structure of inputs=('*', '*', '*', '*', '*', '*')
  warnings.warn(
[I 2024-10-28 12:01:01,795] Trial 40 finished with value: 0.9000774621963501 and parameters: {'num_filters1': 48, 'num_filters2': 128, 'dense_units1': 64, 'dense_units2': 96, 'learning_rate': 0.002034391330303265, 'batch_size': 64}. Best is trial 3 with value: 0.907823383808136.
/home/CIN/mpps/paulaperazzo/priv-anon/src/training/optimizer.py:32: FutureWarning: suggest_loguniform has been deprecated in v3.0.0. This feature will be removed in v6.0.0. See https://github.com/optuna/optuna/releases/tag/v3.0.0. Use suggest_float(..., log=True) instead.
  learning_rate = trial.suggest_loguniform("learning_rate", 1e-4, 1e-2)
/home/CIN/mpps/paulaperazzo/priv-anon/env/lib/python3.10/site-packages/keras/src/models/functional.py:225: UserWarning: The structure of `inputs` doesn't match the expected structure: ['keras_tensor_1640', 'keras_tensor_1646', 'keras_tensor_1652', 'keras_tensor_1658', 'keras_tensor_1664', 'keras_tensor_1670']. Received: the structure of inputs=('*', '*', '*', '*', '*', '*')
  warnings.warn(
[I 2024-10-28 12:01:43,449] Trial 41 finished with value: 0.8814871907234192 and parameters: {'num_filters1': 48, 'num_filters2': 128, 'dense_units1': 64, 'dense_units2': 64, 'learning_rate': 0.009724144186895368, 'batch_size': 128}. Best is trial 3 with value: 0.907823383808136.
/home/CIN/mpps/paulaperazzo/priv-anon/src/training/optimizer.py:32: FutureWarning: suggest_loguniform has been deprecated in v3.0.0. This feature will be removed in v6.0.0. See https://github.com/optuna/optuna/releases/tag/v3.0.0. Use suggest_float(..., log=True) instead.
  learning_rate = trial.suggest_loguniform("learning_rate", 1e-4, 1e-2)
/home/CIN/mpps/paulaperazzo/priv-anon/env/lib/python3.10/site-packages/keras/src/models/functional.py:225: UserWarning: The structure of `inputs` doesn't match the expected structure: ['keras_tensor_1680', 'keras_tensor_1686', 'keras_tensor_1692', 'keras_tensor_1698', 'keras_tensor_1704', 'keras_tensor_1710']. Received: the structure of inputs=('*', '*', '*', '*', '*', '*')
  warnings.warn(
[I 2024-10-28 12:02:12,905] Trial 42 finished with value: 0.8892331719398499 and parameters: {'num_filters1': 64, 'num_filters2': 128, 'dense_units1': 64, 'dense_units2': 64, 'learning_rate': 0.0013201870812722578, 'batch_size': 128}. Best is trial 3 with value: 0.907823383808136.
/home/CIN/mpps/paulaperazzo/priv-anon/src/training/optimizer.py:32: FutureWarning: suggest_loguniform has been deprecated in v3.0.0. This feature will be removed in v6.0.0. See https://github.com/optuna/optuna/releases/tag/v3.0.0. Use suggest_float(..., log=True) instead.
  learning_rate = trial.suggest_loguniform("learning_rate", 1e-4, 1e-2)
/home/CIN/mpps/paulaperazzo/priv-anon/env/lib/python3.10/site-packages/keras/src/models/functional.py:225: UserWarning: The structure of `inputs` doesn't match the expected structure: ['keras_tensor_1720', 'keras_tensor_1726', 'keras_tensor_1732', 'keras_tensor_1738', 'keras_tensor_1744', 'keras_tensor_1750']. Received: the structure of inputs=('*', '*', '*', '*', '*', '*')
  warnings.warn(
[I 2024-10-28 12:02:39,504] Trial 43 finished with value: 0.8938807249069214 and parameters: {'num_filters1': 32, 'num_filters2': 128, 'dense_units1': 64, 'dense_units2': 64, 'learning_rate': 0.001273449800691391, 'batch_size': 128}. Best is trial 3 with value: 0.907823383808136.
/home/CIN/mpps/paulaperazzo/priv-anon/src/training/optimizer.py:32: FutureWarning: suggest_loguniform has been deprecated in v3.0.0. This feature will be removed in v6.0.0. See https://github.com/optuna/optuna/releases/tag/v3.0.0. Use suggest_float(..., log=True) instead.
  learning_rate = trial.suggest_loguniform("learning_rate", 1e-4, 1e-2)
/home/CIN/mpps/paulaperazzo/priv-anon/env/lib/python3.10/site-packages/keras/src/models/functional.py:225: UserWarning: The structure of `inputs` doesn't match the expected structure: ['keras_tensor_1760', 'keras_tensor_1766', 'keras_tensor_1772', 'keras_tensor_1778', 'keras_tensor_1784', 'keras_tensor_1790']. Received: the structure of inputs=('*', '*', '*', '*', '*', '*')
  warnings.warn(
[I 2024-10-28 12:03:20,784] Trial 44 finished with value: 0.8721920847892761 and parameters: {'num_filters1': 48, 'num_filters2': 96, 'dense_units1': 64, 'dense_units2': 32, 'learning_rate': 0.00013736765812475624, 'batch_size': 128}. Best is trial 3 with value: 0.907823383808136.
/home/CIN/mpps/paulaperazzo/priv-anon/src/training/optimizer.py:32: FutureWarning: suggest_loguniform has been deprecated in v3.0.0. This feature will be removed in v6.0.0. See https://github.com/optuna/optuna/releases/tag/v3.0.0. Use suggest_float(..., log=True) instead.
  learning_rate = trial.suggest_loguniform("learning_rate", 1e-4, 1e-2)
/home/CIN/mpps/paulaperazzo/priv-anon/env/lib/python3.10/site-packages/keras/src/models/functional.py:225: UserWarning: The structure of `inputs` doesn't match the expected structure: ['keras_tensor_1800', 'keras_tensor_1806', 'keras_tensor_1812', 'keras_tensor_1818', 'keras_tensor_1824', 'keras_tensor_1830']. Received: the structure of inputs=('*', '*', '*', '*', '*', '*')
  warnings.warn(
[I 2024-10-28 12:03:47,882] Trial 45 finished with value: 0.9047250151634216 and parameters: {'num_filters1': 32, 'num_filters2': 64, 'dense_units1': 64, 'dense_units2': 96, 'learning_rate': 0.0029501286927511483, 'batch_size': 128}. Best is trial 3 with value: 0.907823383808136.
/home/CIN/mpps/paulaperazzo/priv-anon/src/training/optimizer.py:32: FutureWarning: suggest_loguniform has been deprecated in v3.0.0. This feature will be removed in v6.0.0. See https://github.com/optuna/optuna/releases/tag/v3.0.0. Use suggest_float(..., log=True) instead.
  learning_rate = trial.suggest_loguniform("learning_rate", 1e-4, 1e-2)
/home/CIN/mpps/paulaperazzo/priv-anon/env/lib/python3.10/site-packages/keras/src/models/functional.py:225: UserWarning: The structure of `inputs` doesn't match the expected structure: ['keras_tensor_1840', 'keras_tensor_1846', 'keras_tensor_1852', 'keras_tensor_1858', 'keras_tensor_1864', 'keras_tensor_1870']. Received: the structure of inputs=('*', '*', '*', '*', '*', '*')
  warnings.warn(
[I 2024-10-28 12:04:06,413] Trial 46 finished with value: 0.8652207851409912 and parameters: {'num_filters1': 32, 'num_filters2': 64, 'dense_units1': 64, 'dense_units2': 96, 'learning_rate': 0.003814431660876367, 'batch_size': 128}. Best is trial 3 with value: 0.907823383808136.
/home/CIN/mpps/paulaperazzo/priv-anon/src/training/optimizer.py:32: FutureWarning: suggest_loguniform has been deprecated in v3.0.0. This feature will be removed in v6.0.0. See https://github.com/optuna/optuna/releases/tag/v3.0.0. Use suggest_float(..., log=True) instead.
  learning_rate = trial.suggest_loguniform("learning_rate", 1e-4, 1e-2)
/home/CIN/mpps/paulaperazzo/priv-anon/env/lib/python3.10/site-packages/keras/src/models/functional.py:225: UserWarning: The structure of `inputs` doesn't match the expected structure: ['keras_tensor_1880', 'keras_tensor_1886', 'keras_tensor_1892', 'keras_tensor_1898', 'keras_tensor_1904', 'keras_tensor_1910']. Received: the structure of inputs=('*', '*', '*', '*', '*', '*')
  warnings.warn(
[I 2024-10-28 12:04:37,132] Trial 47 finished with value: 0.8923315405845642 and parameters: {'num_filters1': 32, 'num_filters2': 64, 'dense_units1': 64, 'dense_units2': 96, 'learning_rate': 0.0002846827508275378, 'batch_size': 32}. Best is trial 3 with value: 0.907823383808136.
/home/CIN/mpps/paulaperazzo/priv-anon/src/training/optimizer.py:32: FutureWarning: suggest_loguniform has been deprecated in v3.0.0. This feature will be removed in v6.0.0. See https://github.com/optuna/optuna/releases/tag/v3.0.0. Use suggest_float(..., log=True) instead.
  learning_rate = trial.suggest_loguniform("learning_rate", 1e-4, 1e-2)
/home/CIN/mpps/paulaperazzo/priv-anon/env/lib/python3.10/site-packages/keras/src/models/functional.py:225: UserWarning: The structure of `inputs` doesn't match the expected structure: ['keras_tensor_1920', 'keras_tensor_1926', 'keras_tensor_1932', 'keras_tensor_1938', 'keras_tensor_1944', 'keras_tensor_1950']. Received: the structure of inputs=('*', '*', '*', '*', '*', '*')
  warnings.warn(
[I 2024-10-28 12:05:07,880] Trial 48 finished with value: 0.8621223568916321 and parameters: {'num_filters1': 32, 'num_filters2': 64, 'dense_units1': 192, 'dense_units2': 96, 'learning_rate': 0.0027132158677491487, 'batch_size': 64}. Best is trial 3 with value: 0.907823383808136.
/home/CIN/mpps/paulaperazzo/priv-anon/src/training/optimizer.py:32: FutureWarning: suggest_loguniform has been deprecated in v3.0.0. This feature will be removed in v6.0.0. See https://github.com/optuna/optuna/releases/tag/v3.0.0. Use suggest_float(..., log=True) instead.
  learning_rate = trial.suggest_loguniform("learning_rate", 1e-4, 1e-2)
/home/CIN/mpps/paulaperazzo/priv-anon/env/lib/python3.10/site-packages/keras/src/models/functional.py:225: UserWarning: The structure of `inputs` doesn't match the expected structure: ['keras_tensor_1960', 'keras_tensor_1966', 'keras_tensor_1972', 'keras_tensor_1978', 'keras_tensor_1984', 'keras_tensor_1990']. Received: the structure of inputs=('*', '*', '*', '*', '*', '*')
  warnings.warn(
[I 2024-10-28 12:05:32,710] Trial 49 finished with value: 0.8605731725692749 and parameters: {'num_filters1': 16, 'num_filters2': 96, 'dense_units1': 128, 'dense_units2': 96, 'learning_rate': 0.0056999645099331765, 'batch_size': 128}. Best is trial 3 with value: 0.907823383808136.
