2024-11-07 16:31:23.978037: I tensorflow/core/util/port.cc:153] oneDNN custom operations are on. You may see slightly different numerical results due to floating-point round-off errors from different computation orders. To turn them off, set the environment variable `TF_ENABLE_ONEDNN_OPTS=0`.
2024-11-07 16:31:23.978792: I external/local_xla/xla/tsl/cuda/cudart_stub.cc:32] Could not find cuda drivers on your machine, GPU will not be used.
2024-11-07 16:31:23.982879: I external/local_xla/xla/tsl/cuda/cudart_stub.cc:32] Could not find cuda drivers on your machine, GPU will not be used.
2024-11-07 16:31:23.994768: E external/local_xla/xla/stream_executor/cuda/cuda_fft.cc:477] Unable to register cuFFT factory: Attempting to register factory for plugin cuFFT when one has already been registered
WARNING: All log messages before absl::InitializeLog() is called are written to STDERR
E0000 00:00:1731007884.014325 1272848 cuda_dnn.cc:8310] Unable to register cuDNN factory: Attempting to register factory for plugin cuDNN when one has already been registered
E0000 00:00:1731007884.020095 1272848 cuda_blas.cc:1418] Unable to register cuBLAS factory: Attempting to register factory for plugin cuBLAS when one has already been registered
2024-11-07 16:31:24.087662: I tensorflow/core/platform/cpu_feature_guard.cc:210] This TensorFlow binary is optimized to use available CPU instructions in performance-critical operations.
To enable the following instructions: AVX2 AVX512F AVX512_VNNI FMA, in other operations, rebuild TensorFlow with the appropriate compiler flags.
[I 2024-11-07 16:31:32,160] A new study created in memory with name: no-name-cd11771a-0ae1-4d9f-a48a-8a0f086b429b
/home/CIN/mpps/paulaperazzo/priv-anon/src/training/optimizer.py:33: FutureWarning: suggest_loguniform has been deprecated in v3.0.0. This feature will be removed in v6.0.0. See https://github.com/optuna/optuna/releases/tag/v3.0.0. Use suggest_float(..., log=True) instead.
  learning_rate = trial.suggest_loguniform("learning_rate", 1e-4, 1e-2)
W0000 00:00:1731007900.347929 1272848 gpu_device.cc:2344] Cannot dlopen some GPU libraries. Please make sure the missing libraries mentioned above are installed properly if you would like to use GPU. Follow the guide at https://www.tensorflow.org/install/gpu for how to download and setup the required libraries for your platform.
Skipping registering GPU devices...
/home/CIN/mpps/paulaperazzo/priv-anon/env/lib/python3.10/site-packages/keras/src/models/functional.py:225: UserWarning: The structure of `inputs` doesn't match the expected structure: ['keras_tensor', 'keras_tensor_6', 'keras_tensor_12', 'keras_tensor_18', 'keras_tensor_24', 'keras_tensor_30']. Received: the structure of inputs=('*', '*', '*', '*', '*', '*')
  warnings.warn(
[I 2024-11-07 16:32:15,291] Trial 0 finished with value: 0.8117738366127014 and parameters: {'num_filters1': 32, 'num_filters2': 32, 'dense_units1': 64, 'dense_units2': 32, 'learning_rate': 0.0003408631424631005, 'batch_size': 64}. Best is trial 0 with value: 0.8117738366127014.
/home/CIN/mpps/paulaperazzo/priv-anon/src/training/optimizer.py:33: FutureWarning: suggest_loguniform has been deprecated in v3.0.0. This feature will be removed in v6.0.0. See https://github.com/optuna/optuna/releases/tag/v3.0.0. Use suggest_float(..., log=True) instead.
  learning_rate = trial.suggest_loguniform("learning_rate", 1e-4, 1e-2)
/home/CIN/mpps/paulaperazzo/priv-anon/env/lib/python3.10/site-packages/keras/src/models/functional.py:225: UserWarning: The structure of `inputs` doesn't match the expected structure: ['keras_tensor_40', 'keras_tensor_46', 'keras_tensor_52', 'keras_tensor_58', 'keras_tensor_64', 'keras_tensor_70']. Received: the structure of inputs=('*', '*', '*', '*', '*', '*')
  warnings.warn(
[I 2024-11-07 16:33:03,136] Trial 1 finished with value: 0.8288148641586304 and parameters: {'num_filters1': 64, 'num_filters2': 64, 'dense_units1': 64, 'dense_units2': 64, 'learning_rate': 0.0021600891871904736, 'batch_size': 64}. Best is trial 1 with value: 0.8288148641586304.
/home/CIN/mpps/paulaperazzo/priv-anon/src/training/optimizer.py:33: FutureWarning: suggest_loguniform has been deprecated in v3.0.0. This feature will be removed in v6.0.0. See https://github.com/optuna/optuna/releases/tag/v3.0.0. Use suggest_float(..., log=True) instead.
  learning_rate = trial.suggest_loguniform("learning_rate", 1e-4, 1e-2)
/home/CIN/mpps/paulaperazzo/priv-anon/env/lib/python3.10/site-packages/keras/src/models/functional.py:225: UserWarning: The structure of `inputs` doesn't match the expected structure: ['keras_tensor_80', 'keras_tensor_86', 'keras_tensor_92', 'keras_tensor_98', 'keras_tensor_104', 'keras_tensor_110']. Received: the structure of inputs=('*', '*', '*', '*', '*', '*')
  warnings.warn(
[I 2024-11-07 16:35:12,699] Trial 2 finished with value: 0.8148722052574158 and parameters: {'num_filters1': 64, 'num_filters2': 128, 'dense_units1': 192, 'dense_units2': 128, 'learning_rate': 0.009098974346983047, 'batch_size': 64}. Best is trial 1 with value: 0.8288148641586304.
/home/CIN/mpps/paulaperazzo/priv-anon/src/training/optimizer.py:33: FutureWarning: suggest_loguniform has been deprecated in v3.0.0. This feature will be removed in v6.0.0. See https://github.com/optuna/optuna/releases/tag/v3.0.0. Use suggest_float(..., log=True) instead.
  learning_rate = trial.suggest_loguniform("learning_rate", 1e-4, 1e-2)
/home/CIN/mpps/paulaperazzo/priv-anon/env/lib/python3.10/site-packages/keras/src/models/functional.py:225: UserWarning: The structure of `inputs` doesn't match the expected structure: ['keras_tensor_120', 'keras_tensor_126', 'keras_tensor_132', 'keras_tensor_138', 'keras_tensor_144', 'keras_tensor_150']. Received: the structure of inputs=('*', '*', '*', '*', '*', '*')
  warnings.warn(
[I 2024-11-07 16:36:13,436] Trial 3 finished with value: 0.8210689425468445 and parameters: {'num_filters1': 48, 'num_filters2': 96, 'dense_units1': 192, 'dense_units2': 96, 'learning_rate': 0.00025807257779523, 'batch_size': 64}. Best is trial 1 with value: 0.8288148641586304.
/home/CIN/mpps/paulaperazzo/priv-anon/src/training/optimizer.py:33: FutureWarning: suggest_loguniform has been deprecated in v3.0.0. This feature will be removed in v6.0.0. See https://github.com/optuna/optuna/releases/tag/v3.0.0. Use suggest_float(..., log=True) instead.
  learning_rate = trial.suggest_loguniform("learning_rate", 1e-4, 1e-2)
/home/CIN/mpps/paulaperazzo/priv-anon/env/lib/python3.10/site-packages/keras/src/models/functional.py:225: UserWarning: The structure of `inputs` doesn't match the expected structure: ['keras_tensor_160', 'keras_tensor_166', 'keras_tensor_172', 'keras_tensor_178', 'keras_tensor_184', 'keras_tensor_190']. Received: the structure of inputs=('*', '*', '*', '*', '*', '*')
  warnings.warn(
[I 2024-11-07 16:37:12,461] Trial 4 finished with value: 0.8071262836456299 and parameters: {'num_filters1': 48, 'num_filters2': 128, 'dense_units1': 256, 'dense_units2': 96, 'learning_rate': 0.0006164838599051492, 'batch_size': 128}. Best is trial 1 with value: 0.8288148641586304.
/home/CIN/mpps/paulaperazzo/priv-anon/src/training/optimizer.py:33: FutureWarning: suggest_loguniform has been deprecated in v3.0.0. This feature will be removed in v6.0.0. See https://github.com/optuna/optuna/releases/tag/v3.0.0. Use suggest_float(..., log=True) instead.
  learning_rate = trial.suggest_loguniform("learning_rate", 1e-4, 1e-2)
/home/CIN/mpps/paulaperazzo/priv-anon/env/lib/python3.10/site-packages/keras/src/models/functional.py:225: UserWarning: The structure of `inputs` doesn't match the expected structure: ['keras_tensor_200', 'keras_tensor_206', 'keras_tensor_212', 'keras_tensor_218', 'keras_tensor_224', 'keras_tensor_230']. Received: the structure of inputs=('*', '*', '*', '*', '*', '*')
  warnings.warn(
[I 2024-11-07 16:38:15,425] Trial 5 finished with value: 0.8241673111915588 and parameters: {'num_filters1': 64, 'num_filters2': 96, 'dense_units1': 64, 'dense_units2': 128, 'learning_rate': 0.003827093514706185, 'batch_size': 128}. Best is trial 1 with value: 0.8288148641586304.
/home/CIN/mpps/paulaperazzo/priv-anon/src/training/optimizer.py:33: FutureWarning: suggest_loguniform has been deprecated in v3.0.0. This feature will be removed in v6.0.0. See https://github.com/optuna/optuna/releases/tag/v3.0.0. Use suggest_float(..., log=True) instead.
  learning_rate = trial.suggest_loguniform("learning_rate", 1e-4, 1e-2)
/home/CIN/mpps/paulaperazzo/priv-anon/env/lib/python3.10/site-packages/keras/src/models/functional.py:225: UserWarning: The structure of `inputs` doesn't match the expected structure: ['keras_tensor_240', 'keras_tensor_246', 'keras_tensor_252', 'keras_tensor_258', 'keras_tensor_264', 'keras_tensor_270']. Received: the structure of inputs=('*', '*', '*', '*', '*', '*')
  warnings.warn(
[I 2024-11-07 16:39:00,286] Trial 6 finished with value: 0.8140975832939148 and parameters: {'num_filters1': 64, 'num_filters2': 32, 'dense_units1': 128, 'dense_units2': 128, 'learning_rate': 0.00021039372563579919, 'batch_size': 64}. Best is trial 1 with value: 0.8288148641586304.
/home/CIN/mpps/paulaperazzo/priv-anon/src/training/optimizer.py:33: FutureWarning: suggest_loguniform has been deprecated in v3.0.0. This feature will be removed in v6.0.0. See https://github.com/optuna/optuna/releases/tag/v3.0.0. Use suggest_float(..., log=True) instead.
  learning_rate = trial.suggest_loguniform("learning_rate", 1e-4, 1e-2)
/home/CIN/mpps/paulaperazzo/priv-anon/env/lib/python3.10/site-packages/keras/src/models/functional.py:225: UserWarning: The structure of `inputs` doesn't match the expected structure: ['keras_tensor_280', 'keras_tensor_286', 'keras_tensor_292', 'keras_tensor_298', 'keras_tensor_304', 'keras_tensor_310']. Received: the structure of inputs=('*', '*', '*', '*', '*', '*')
  warnings.warn(
[I 2024-11-07 16:40:26,492] Trial 7 finished with value: 0.8288148641586304 and parameters: {'num_filters1': 64, 'num_filters2': 64, 'dense_units1': 192, 'dense_units2': 64, 'learning_rate': 0.002369986382571458, 'batch_size': 32}. Best is trial 1 with value: 0.8288148641586304.
/home/CIN/mpps/paulaperazzo/priv-anon/src/training/optimizer.py:33: FutureWarning: suggest_loguniform has been deprecated in v3.0.0. This feature will be removed in v6.0.0. See https://github.com/optuna/optuna/releases/tag/v3.0.0. Use suggest_float(..., log=True) instead.
  learning_rate = trial.suggest_loguniform("learning_rate", 1e-4, 1e-2)
/home/CIN/mpps/paulaperazzo/priv-anon/env/lib/python3.10/site-packages/keras/src/models/functional.py:225: UserWarning: The structure of `inputs` doesn't match the expected structure: ['keras_tensor_320', 'keras_tensor_326', 'keras_tensor_332', 'keras_tensor_338', 'keras_tensor_344', 'keras_tensor_350']. Received: the structure of inputs=('*', '*', '*', '*', '*', '*')
  warnings.warn(
[I 2024-11-07 16:42:22,060] Trial 8 finished with value: 0.7846630811691284 and parameters: {'num_filters1': 64, 'num_filters2': 96, 'dense_units1': 256, 'dense_units2': 32, 'learning_rate': 0.009572365137007545, 'batch_size': 32}. Best is trial 1 with value: 0.8288148641586304.
/home/CIN/mpps/paulaperazzo/priv-anon/src/training/optimizer.py:33: FutureWarning: suggest_loguniform has been deprecated in v3.0.0. This feature will be removed in v6.0.0. See https://github.com/optuna/optuna/releases/tag/v3.0.0. Use suggest_float(..., log=True) instead.
  learning_rate = trial.suggest_loguniform("learning_rate", 1e-4, 1e-2)
/home/CIN/mpps/paulaperazzo/priv-anon/env/lib/python3.10/site-packages/keras/src/models/functional.py:225: UserWarning: The structure of `inputs` doesn't match the expected structure: ['keras_tensor_360', 'keras_tensor_366', 'keras_tensor_372', 'keras_tensor_378', 'keras_tensor_384', 'keras_tensor_390']. Received: the structure of inputs=('*', '*', '*', '*', '*', '*')
  warnings.warn(
[I 2024-11-07 16:43:55,067] Trial 9 finished with value: 0.8048024773597717 and parameters: {'num_filters1': 64, 'num_filters2': 96, 'dense_units1': 192, 'dense_units2': 32, 'learning_rate': 0.00020430068488219903, 'batch_size': 32}. Best is trial 1 with value: 0.8288148641586304.
/home/CIN/mpps/paulaperazzo/priv-anon/src/training/optimizer.py:33: FutureWarning: suggest_loguniform has been deprecated in v3.0.0. This feature will be removed in v6.0.0. See https://github.com/optuna/optuna/releases/tag/v3.0.0. Use suggest_float(..., log=True) instead.
  learning_rate = trial.suggest_loguniform("learning_rate", 1e-4, 1e-2)
/home/CIN/mpps/paulaperazzo/priv-anon/env/lib/python3.10/site-packages/keras/src/models/functional.py:225: UserWarning: The structure of `inputs` doesn't match the expected structure: ['keras_tensor_400', 'keras_tensor_406', 'keras_tensor_412', 'keras_tensor_418', 'keras_tensor_424', 'keras_tensor_430']. Received: the structure of inputs=('*', '*', '*', '*', '*', '*')
  warnings.warn(
[I 2024-11-07 16:44:33,034] Trial 10 finished with value: 0.7955073714256287 and parameters: {'num_filters1': 16, 'num_filters2': 64, 'dense_units1': 128, 'dense_units2': 64, 'learning_rate': 0.0011591966387697586, 'batch_size': 64}. Best is trial 1 with value: 0.8288148641586304.
/home/CIN/mpps/paulaperazzo/priv-anon/src/training/optimizer.py:33: FutureWarning: suggest_loguniform has been deprecated in v3.0.0. This feature will be removed in v6.0.0. See https://github.com/optuna/optuna/releases/tag/v3.0.0. Use suggest_float(..., log=True) instead.
  learning_rate = trial.suggest_loguniform("learning_rate", 1e-4, 1e-2)
/home/CIN/mpps/paulaperazzo/priv-anon/env/lib/python3.10/site-packages/keras/src/models/functional.py:225: UserWarning: The structure of `inputs` doesn't match the expected structure: ['keras_tensor_440', 'keras_tensor_446', 'keras_tensor_452', 'keras_tensor_458', 'keras_tensor_464', 'keras_tensor_470']. Received: the structure of inputs=('*', '*', '*', '*', '*', '*')
  warnings.warn(
[I 2024-11-07 16:45:40,374] Trial 11 finished with value: 0.798605740070343 and parameters: {'num_filters1': 48, 'num_filters2': 64, 'dense_units1': 128, 'dense_units2': 64, 'learning_rate': 0.0017122585308823718, 'batch_size': 32}. Best is trial 1 with value: 0.8288148641586304.
/home/CIN/mpps/paulaperazzo/priv-anon/src/training/optimizer.py:33: FutureWarning: suggest_loguniform has been deprecated in v3.0.0. This feature will be removed in v6.0.0. See https://github.com/optuna/optuna/releases/tag/v3.0.0. Use suggest_float(..., log=True) instead.
  learning_rate = trial.suggest_loguniform("learning_rate", 1e-4, 1e-2)
/home/CIN/mpps/paulaperazzo/priv-anon/env/lib/python3.10/site-packages/keras/src/models/functional.py:225: UserWarning: The structure of `inputs` doesn't match the expected structure: ['keras_tensor_480', 'keras_tensor_486', 'keras_tensor_492', 'keras_tensor_498', 'keras_tensor_504', 'keras_tensor_510']. Received: the structure of inputs=('*', '*', '*', '*', '*', '*')
  warnings.warn(
[I 2024-11-07 16:46:37,224] Trial 12 finished with value: 0.8102246522903442 and parameters: {'num_filters1': 32, 'num_filters2': 64, 'dense_units1': 64, 'dense_units2': 64, 'learning_rate': 0.0025757343635169918, 'batch_size': 32}. Best is trial 1 with value: 0.8288148641586304.
/home/CIN/mpps/paulaperazzo/priv-anon/src/training/optimizer.py:33: FutureWarning: suggest_loguniform has been deprecated in v3.0.0. This feature will be removed in v6.0.0. See https://github.com/optuna/optuna/releases/tag/v3.0.0. Use suggest_float(..., log=True) instead.
  learning_rate = trial.suggest_loguniform("learning_rate", 1e-4, 1e-2)
/home/CIN/mpps/paulaperazzo/priv-anon/env/lib/python3.10/site-packages/keras/src/models/functional.py:225: UserWarning: The structure of `inputs` doesn't match the expected structure: ['keras_tensor_520', 'keras_tensor_526', 'keras_tensor_532', 'keras_tensor_538', 'keras_tensor_544', 'keras_tensor_550']. Received: the structure of inputs=('*', '*', '*', '*', '*', '*')
  warnings.warn(
[I 2024-11-07 16:47:41,264] Trial 13 finished with value: 0.8055770993232727 and parameters: {'num_filters1': 48, 'num_filters2': 32, 'dense_units1': 192, 'dense_units2': 64, 'learning_rate': 0.003540919918778209, 'batch_size': 32}. Best is trial 1 with value: 0.8288148641586304.
/home/CIN/mpps/paulaperazzo/priv-anon/src/training/optimizer.py:33: FutureWarning: suggest_loguniform has been deprecated in v3.0.0. This feature will be removed in v6.0.0. See https://github.com/optuna/optuna/releases/tag/v3.0.0. Use suggest_float(..., log=True) instead.
  learning_rate = trial.suggest_loguniform("learning_rate", 1e-4, 1e-2)
/home/CIN/mpps/paulaperazzo/priv-anon/env/lib/python3.10/site-packages/keras/src/models/functional.py:225: UserWarning: The structure of `inputs` doesn't match the expected structure: ['keras_tensor_560', 'keras_tensor_566', 'keras_tensor_572', 'keras_tensor_578', 'keras_tensor_584', 'keras_tensor_590']. Received: the structure of inputs=('*', '*', '*', '*', '*', '*')
  warnings.warn(
[I 2024-11-07 16:48:32,282] Trial 14 finished with value: 0.797831118106842 and parameters: {'num_filters1': 16, 'num_filters2': 64, 'dense_units1': 128, 'dense_units2': 96, 'learning_rate': 0.00010183331752816855, 'batch_size': 128}. Best is trial 1 with value: 0.8288148641586304.
/home/CIN/mpps/paulaperazzo/priv-anon/src/training/optimizer.py:33: FutureWarning: suggest_loguniform has been deprecated in v3.0.0. This feature will be removed in v6.0.0. See https://github.com/optuna/optuna/releases/tag/v3.0.0. Use suggest_float(..., log=True) instead.
  learning_rate = trial.suggest_loguniform("learning_rate", 1e-4, 1e-2)
/home/CIN/mpps/paulaperazzo/priv-anon/env/lib/python3.10/site-packages/keras/src/models/functional.py:225: UserWarning: The structure of `inputs` doesn't match the expected structure: ['keras_tensor_600', 'keras_tensor_606', 'keras_tensor_612', 'keras_tensor_618', 'keras_tensor_624', 'keras_tensor_630']. Received: the structure of inputs=('*', '*', '*', '*', '*', '*')
  warnings.warn(
[I 2024-11-07 16:49:30,568] Trial 15 finished with value: 0.8063516616821289 and parameters: {'num_filters1': 64, 'num_filters2': 64, 'dense_units1': 256, 'dense_units2': 64, 'learning_rate': 0.0007721374598257914, 'batch_size': 64}. Best is trial 1 with value: 0.8288148641586304.
/home/CIN/mpps/paulaperazzo/priv-anon/src/training/optimizer.py:33: FutureWarning: suggest_loguniform has been deprecated in v3.0.0. This feature will be removed in v6.0.0. See https://github.com/optuna/optuna/releases/tag/v3.0.0. Use suggest_float(..., log=True) instead.
  learning_rate = trial.suggest_loguniform("learning_rate", 1e-4, 1e-2)
/home/CIN/mpps/paulaperazzo/priv-anon/env/lib/python3.10/site-packages/keras/src/models/functional.py:225: UserWarning: The structure of `inputs` doesn't match the expected structure: ['keras_tensor_640', 'keras_tensor_646', 'keras_tensor_652', 'keras_tensor_658', 'keras_tensor_664', 'keras_tensor_670']. Received: the structure of inputs=('*', '*', '*', '*', '*', '*')
  warnings.warn(
[I 2024-11-07 16:50:04,971] Trial 16 finished with value: 0.7993803024291992 and parameters: {'num_filters1': 32, 'num_filters2': 32, 'dense_units1': 64, 'dense_units2': 96, 'learning_rate': 0.004938903003306039, 'batch_size': 32}. Best is trial 1 with value: 0.8288148641586304.
/home/CIN/mpps/paulaperazzo/priv-anon/src/training/optimizer.py:33: FutureWarning: suggest_loguniform has been deprecated in v3.0.0. This feature will be removed in v6.0.0. See https://github.com/optuna/optuna/releases/tag/v3.0.0. Use suggest_float(..., log=True) instead.
  learning_rate = trial.suggest_loguniform("learning_rate", 1e-4, 1e-2)
/home/CIN/mpps/paulaperazzo/priv-anon/env/lib/python3.10/site-packages/keras/src/models/functional.py:225: UserWarning: The structure of `inputs` doesn't match the expected structure: ['keras_tensor_680', 'keras_tensor_686', 'keras_tensor_692', 'keras_tensor_698', 'keras_tensor_704', 'keras_tensor_710']. Received: the structure of inputs=('*', '*', '*', '*', '*', '*')
  warnings.warn(
[I 2024-11-07 16:51:15,565] Trial 17 finished with value: 0.8117738366127014 and parameters: {'num_filters1': 48, 'num_filters2': 64, 'dense_units1': 128, 'dense_units2': 32, 'learning_rate': 0.001591801913696107, 'batch_size': 32}. Best is trial 1 with value: 0.8288148641586304.
/home/CIN/mpps/paulaperazzo/priv-anon/src/training/optimizer.py:33: FutureWarning: suggest_loguniform has been deprecated in v3.0.0. This feature will be removed in v6.0.0. See https://github.com/optuna/optuna/releases/tag/v3.0.0. Use suggest_float(..., log=True) instead.
  learning_rate = trial.suggest_loguniform("learning_rate", 1e-4, 1e-2)
/home/CIN/mpps/paulaperazzo/priv-anon/env/lib/python3.10/site-packages/keras/src/models/functional.py:225: UserWarning: The structure of `inputs` doesn't match the expected structure: ['keras_tensor_720', 'keras_tensor_726', 'keras_tensor_732', 'keras_tensor_738', 'keras_tensor_744', 'keras_tensor_750']. Received: the structure of inputs=('*', '*', '*', '*', '*', '*')
  warnings.warn(
